#
# There is insufficient memory for the Java Runtime Environment to continue.
# Native memory allocation (malloc) failed to allocate 32744 bytes for ChunkPool::allocate
# Possible reasons:
#   The system is out of physical RAM or swap space
#   In 32 bit mode, the process size limit was hit
# Possible solutions:
#   Reduce memory load on the system
#   Increase physical memory or swap space
#   Check if swap backing store is full
#   Use 64 bit Java on a 64 bit OS
#   Decrease Java heap size (-Xmx/-Xms)
#   Decrease number of Java threads
#   Decrease Java thread stack sizes (-Xss)
#   Set larger code cache with -XX:ReservedCodeCacheSize=
# This output file may be truncated or incomplete.
#
#  Out of Memory Error (allocation.cpp:273), pid=1524, tid=0x0000000000001e10
#
# JRE version: Java(TM) SE Runtime Environment (8.0_131-b11) (build 1.8.0_131-b11)
# Java VM: Java HotSpot(TM) 64-Bit Server VM (25.131-b11 mixed mode windows-amd64 compressed oops)
# Failed to write core dump. Minidumps are not enabled by default on client versions of Windows
#

---------------  T H R E A D  ---------------

Current thread (0x00000000191cc800):  JavaThread "C2 CompilerThread0" daemon [_thread_in_native, id=7696, stack(0x000000001a920000,0x000000001aa20000)]

Stack: [0x000000001a920000,0x000000001aa20000]
[error occurred during error reporting (printing stack bounds), id 0xc0000005]

Native frames: (J=compiled Java code, j=interpreted, Vv=VM code, C=native code)


Current CompileTask:
C2: 898811  689 % !   4       com.sun.media.sound.SoftJitterCorrector$JitterStream$1::run @ 421 (553 bytes)


---------------  P R O C E S S  ---------------

Java Threads: ( => current thread )
  0x0000000004560800 JavaThread "DestroyJavaVM" [_thread_blocked, id=11908, stack(0x0000000004460000,0x0000000004560000)]
  0x000000001ce4f800 JavaThread "Java Sound Sequencer" [_thread_blocked, id=17840, stack(0x000000001d830000,0x000000001d930000)]
  0x000000001c8cb800 JavaThread "Thread-2" daemon [_thread_blocked, id=16460, stack(0x000000001d730000,0x000000001d830000)]
  0x000000001c8cb000 JavaThread "Thread-1" daemon [_thread_blocked, id=7516, stack(0x000000001d630000,0x000000001d730000)]
  0x000000001bb8b800 JavaThread "Java Sound Event Dispatcher" daemon [_thread_blocked, id=18276, stack(0x000000001d0e0000,0x000000001d1e0000)]
  0x000000001ac47800 JavaThread "Service Thread" daemon [_thread_blocked, id=3604, stack(0x000000001b020000,0x000000001b120000)]
  0x000000001922d800 JavaThread "C1 CompilerThread2" daemon [_thread_blocked, id=4528, stack(0x000000001ab20000,0x000000001ac20000)]
  0x00000000191d2000 JavaThread "C2 CompilerThread1" daemon [_thread_blocked, id=1272, stack(0x000000001aa20000,0x000000001ab20000)]
=>0x00000000191cc800 JavaThread "C2 CompilerThread0" daemon [_thread_in_native, id=7696, stack(0x000000001a920000,0x000000001aa20000)]
  0x00000000191ca800 JavaThread "Attach Listener" daemon [_thread_blocked, id=2468, stack(0x000000001a820000,0x000000001a920000)]
  0x00000000191c9800 JavaThread "Signal Dispatcher" daemon [_thread_blocked, id=10088, stack(0x000000001a720000,0x000000001a820000)]
  0x000000000465a000 JavaThread "Finalizer" daemon [_thread_blocked, id=14244, stack(0x000000001a430000,0x000000001a530000)]
  0x000000000464f000 JavaThread "Reference Handler" daemon [_thread_blocked, id=18064, stack(0x000000001a330000,0x000000001a430000)]

Other Threads:
  0x0000000019197800 VMThread [stack: 0x000000001a230000,0x000000001a330000] [id=18068]
  0x000000001ac4e800 WatcherThread [stack: 0x000000001b120000,0x000000001b220000] [id=18020]

VM state:not at safepoint (normal execution)

VM Mutex/Monitor currently owned by a thread: None

Heap:
 PSYoungGen      total 71680K, used 24332K [0x00000000d5c00000, 0x00000000da700000, 0x0000000100000000)
  eden space 66560K, 28% used [0x00000000d5c00000,0x00000000d6ec57c8,0x00000000d9d00000)
  from space 5120K, 99% used [0x00000000da200000,0x00000000da6fd858,0x00000000da700000)
  to   space 5120K, 0% used [0x00000000d9d00000,0x00000000d9d00000,0x00000000da200000)
 ParOldGen       total 87552K, used 5818K [0x0000000081400000, 0x0000000086980000, 0x00000000d5c00000)
  object space 87552K, 6% used [0x0000000081400000,0x00000000819aea08,0x0000000086980000)
 Metaspace       used 6174K, capacity 6312K, committed 6400K, reserved 1056768K
  class space    used 710K, capacity 759K, committed 768K, reserved 1048576K

Card table byte_map: [0x0000000013a20000,0x0000000013e20000] byte_map_base: 0x0000000013616000

Marking Bits: (ParMarkBitMap*) 0x000000006658c720
 Begin Bits: [0x00000000144d0000, 0x0000000016480000)
 End Bits:   [0x0000000016480000, 0x0000000018430000)

Polling page: 0x00000000026e0000

CodeCache: size=245760Kb used=3042Kb max_used=3042Kb free=242717Kb
 bounds [0x0000000004660000, 0x0000000004960000, 0x0000000013660000]
 total_blobs=1001 nmethods=684 adapters=230
 compilation: enabled

Compilation events (10 events):
Event: 376.815 Thread 0x00000000191cc800 nmethod 684% 0x0000000004959590 code [0x0000000004959740, 0x000000000495a478]
Event: 411.706 Thread 0x000000001922d800  685 % !   3       com.sun.media.sound.SoftAudioPusher::run @ 15 (62 bytes)
Event: 411.706 Thread 0x000000001922d800 nmethod 685% 0x0000000004956e10 code [0x0000000004956fc0, 0x00000000049575f8]
Event: 418.655 Thread 0x000000001922d800  686   !   3       com.sun.media.sound.SoftAudioPusher::run (62 bytes)
Event: 418.655 Thread 0x000000001922d800 nmethod 686 0x0000000004956450 code [0x00000000049565e0, 0x0000000004956b58]
Event: 690.335 Thread 0x00000000191d2000  687 % !   4       com.sun.media.sound.SoftAudioPusher::run @ 15 (62 bytes)
Event: 690.338 Thread 0x00000000191d2000 nmethod 687% 0x0000000004954950 code [0x0000000004954ac0, 0x0000000004954d98]
Event: 738.349 Thread 0x000000001922d800  688 % !   3       com.sun.media.sound.SoftJitterCorrector$JitterStream$1::run @ 421 (553 bytes)
Event: 738.352 Thread 0x000000001922d800 nmethod 688% 0x000000000495c9d0 code [0x000000000495cca0, 0x000000000495e598]
Event: 898.566 Thread 0x00000000191cc800  689 % !   4       com.sun.media.sound.SoftJitterCorrector$JitterStream$1::run @ 421 (553 bytes)

GC Heap History (4 events):
Event: 0.512 GC heap before
{Heap before GC invocations=1 (full 0):
 PSYoungGen      total 38400K, used 33280K [0x00000000d5c00000, 0x00000000d8680000, 0x0000000100000000)
  eden space 33280K, 100% used [0x00000000d5c00000,0x00000000d7c80000,0x00000000d7c80000)
  from space 5120K, 0% used [0x00000000d8180000,0x00000000d8180000,0x00000000d8680000)
  to   space 5120K, 0% used [0x00000000d7c80000,0x00000000d7c80000,0x00000000d8180000)
 ParOldGen       total 87552K, used 0K [0x0000000081400000, 0x0000000086980000, 0x00000000d5c00000)
  object space 87552K, 0% used [0x0000000081400000,0x0000000081400000,0x0000000086980000)
 Metaspace       used 5686K, capacity 5800K, committed 5888K, reserved 1056768K
  class space    used 646K, capacity 695K, committed 768K, reserved 1048576K
Event: 0.520 GC heap after
Heap after GC invocations=1 (full 0):
 PSYoungGen      total 38400K, used 5093K [0x00000000d5c00000, 0x00000000da700000, 0x0000000100000000)
  eden space 33280K, 0% used [0x00000000d5c00000,0x00000000d5c00000,0x00000000d7c80000)
  from space 5120K, 99% used [0x00000000d7c80000,0x00000000d81796c8,0x00000000d8180000)
  to   space 5120K, 0% used [0x00000000da200000,0x00000000da200000,0x00000000da700000)
 ParOldGen       total 87552K, used 2218K [0x0000000081400000, 0x0000000086980000, 0x00000000d5c00000)
  object space 87552K, 2% used [0x0000000081400000,0x000000008162aa08,0x0000000086980000)
 Metaspace       used 5686K, capacity 5800K, committed 5888K, reserved 1056768K
  class space    used 646K, capacity 695K, committed 768K, reserved 1048576K
}
Event: 0.606 GC heap before
{Heap before GC invocations=2 (full 0):
 PSYoungGen      total 38400K, used 38373K [0x00000000d5c00000, 0x00000000da700000, 0x0000000100000000)
  eden space 33280K, 100% used [0x00000000d5c00000,0x00000000d7c80000,0x00000000d7c80000)
  from space 5120K, 99% used [0x00000000d7c80000,0x00000000d81796c8,0x00000000d8180000)
  to   space 5120K, 0% used [0x00000000da200000,0x00000000da200000,0x00000000da700000)
 ParOldGen       total 87552K, used 2218K [0x0000000081400000, 0x0000000086980000, 0x00000000d5c00000)
  object space 87552K, 2% used [0x0000000081400000,0x000000008162aa08,0x0000000086980000)
 Metaspace       used 5687K, capacity 5800K, committed 5888K, reserved 1056768K
  class space    used 646K, capacity 695K, committed 768K, reserved 1048576K
Event: 0.622 GC heap after
Heap after GC invocations=2 (full 0):
 PSYoungGen      total 71680K, used 5110K [0x00000000d5c00000, 0x00000000da700000, 0x0000000100000000)
  eden space 66560K, 0% used [0x00000000d5c00000,0x00000000d5c00000,0x00000000d9d00000)
  from space 5120K, 99% used [0x00000000da200000,0x00000000da6fd858,0x00000000da700000)
  to   space 5120K, 0% used [0x00000000d9d00000,0x00000000d9d00000,0x00000000da200000)
 ParOldGen       total 87552K, used 5818K [0x0000000081400000, 0x0000000086980000, 0x00000000d5c00000)
  object space 87552K, 6% used [0x0000000081400000,0x00000000819aea08,0x0000000086980000)
 Metaspace       used 5687K, capacity 5800K, committed 5888K, reserved 1056768K
  class space    used 646K, capacity 695K, committed 768K, reserved 1048576K
}

Deoptimization events (10 events):
Event: 0.307 Thread 0x0000000004560800 Uncommon trap: reason=unstable_if action=reinterpret pc=0x0000000004828c10 method=com.sun.media.sound.RIFFReader.read()I @ 6
Event: 0.401 Thread 0x0000000004560800 Uncommon trap: reason=unstable_if action=reinterpret pc=0x00000000048810e8 method=com.sun.media.sound.DLSInstrument.convertToModelDest(I)Lcom/sun/media/sound/ModelIdentifier; @ 26
Event: 0.416 Thread 0x0000000004560800 Uncommon trap: reason=unstable_if action=reinterpret pc=0x000000000487bd20 method=java.util.HashMap.putVal(ILjava/lang/Object;Ljava/lang/Object;ZZ)Ljava/lang/Object; @ 181
Event: 0.487 Thread 0x0000000004560800 Uncommon trap: reason=predicate action=maybe_recompile pc=0x00000000048e0380 method=java.util.TimSort.reverseRange([Ljava/lang/Object;II)V @ 8
Event: 0.547 Thread 0x0000000004560800 Uncommon trap: reason=unstable_if action=reinterpret pc=0x0000000004896fac method=com.sun.media.sound.DLSInstrument.convertToModelDest(I)Lcom/sun/media/sound/ModelIdentifier; @ 26
Event: 0.739 Thread 0x0000000004560800 Uncommon trap: reason=class_check action=maybe_recompile pc=0x00000000048a8600 method=java.util.Arrays.copyOf([Ljava/lang/Object;ILjava/lang/Class;)[Ljava/lang/Object; @ 24
Event: 0.739 Thread 0x0000000004560800 Uncommon trap: reason=class_check action=maybe_recompile pc=0x00000000048a8600 method=java.util.Arrays.copyOf([Ljava/lang/Object;ILjava/lang/Class;)[Ljava/lang/Object; @ 24
Event: 0.739 Thread 0x0000000004560800 Uncommon trap: reason=class_check action=maybe_recompile pc=0x00000000048a8600 method=java.util.Arrays.copyOf([Ljava/lang/Object;ILjava/lang/Class;)[Ljava/lang/Object; @ 24
Event: 0.739 Thread 0x0000000004560800 Uncommon trap: reason=class_check action=maybe_recompile pc=0x00000000048a8600 method=java.util.Arrays.copyOf([Ljava/lang/Object;ILjava/lang/Class;)[Ljava/lang/Object; @ 24
Event: 734.873 Thread 0x000000001c8cb000 Uncommon trap: reason=unstable_if action=reinterpret pc=0x00000000049585d8 method=com.sun.media.sound.SoftJitterCorrector$JitterStream$1.run()V @ 525

Internal exceptions (8 events):
Event: 0.042 Thread 0x0000000004560800 Exception <a 'java/lang/NoSuchMethodError': Method sun.misc.Unsafe.defineClass(Ljava/lang/String;[BII)Ljava/lang/Class; name or signature does not match> (0x00000000d5c07ca8) thrown at [C:\re\workspace\8-2-build-windows-amd64-cygwin\jdk8u131\8869\hotspot\
Event: 0.042 Thread 0x0000000004560800 Exception <a 'java/lang/NoSuchMethodError': Method sun.misc.Unsafe.prefetchRead(Ljava/lang/Object;J)V name or signature does not match> (0x00000000d5c07f90) thrown at [C:\re\workspace\8-2-build-windows-amd64-cygwin\jdk8u131\8869\hotspot\src\share\vm\prims
Event: 0.136 Thread 0x0000000004560800 Exception <a 'java/security/PrivilegedActionException'> (0x00000000d5c95170) thrown at [C:\re\workspace\8-2-build-windows-amd64-cygwin\jdk8u131\8869\hotspot\src\share\vm\prims\jvm.cpp, line 1390]
Event: 0.136 Thread 0x0000000004560800 Exception <a 'java/security/PrivilegedActionException'> (0x00000000d5c95568) thrown at [C:\re\workspace\8-2-build-windows-amd64-cygwin\jdk8u131\8869\hotspot\src\share\vm\prims\jvm.cpp, line 1390]
Event: 0.136 Thread 0x0000000004560800 Exception <a 'java/security/PrivilegedActionException'> (0x00000000d5c99660) thrown at [C:\re\workspace\8-2-build-windows-amd64-cygwin\jdk8u131\8869\hotspot\src\share\vm\prims\jvm.cpp, line 1390]
Event: 0.136 Thread 0x0000000004560800 Exception <a 'java/security/PrivilegedActionException'> (0x00000000d5c99a58) thrown at [C:\re\workspace\8-2-build-windows-amd64-cygwin\jdk8u131\8869\hotspot\src\share\vm\prims\jvm.cpp, line 1390]
Event: 0.208 Thread 0x0000000004560800 Exception <a 'java/lang/NoSuchFieldError': method resolution failed> (0x00000000d5ed7860) thrown at [C:\re\workspace\8-2-build-windows-amd64-cygwin\jdk8u131\8869\hotspot\src\share\vm\prims\methodHandles.cpp, line 1146]
Event: 0.210 Thread 0x0000000004560800 Exception <a 'java/lang/NoSuchFieldError': method resolution failed> (0x00000000d5ee5000) thrown at [C:\re\workspace\8-2-build-windows-amd64-cygwin\jdk8u131\8869\hotspot\src\share\vm\prims\methodHandles.cpp, line 1146]

Events (10 events):
Event: 4.151 Executing VM operation: EnableBiasedLocking done
Event: 373.321 Thread 0x000000001c8cb000 DEOPT PACKING pc=0x00000000049528c0 sp=0x000000001d72ef40
Event: 373.321 Thread 0x000000001c8cb000 DEOPT UNPACKING pc=0x00000000046a787f sp=0x000000001d72ece8 mode 0
Event: 401.186 Thread 0x000000001c8cb000 DEOPT PACKING pc=0x0000000004927785 sp=0x000000001d72ef80
Event: 401.186 Thread 0x000000001c8cb000 DEOPT UNPACKING pc=0x00000000046a787f sp=0x000000001d72ece8 mode 0
Event: 734.873 Thread 0x000000001c8cb000 Uncommon trap: trap_request=0xffffff65 fr.pc=0x00000000049585d8
Event: 734.873 Thread 0x000000001c8cb000 DEOPT PACKING pc=0x00000000049585d8 sp=0x000000001d72efe0
Event: 734.873 Thread 0x000000001c8cb000 DEOPT UNPACKING pc=0x00000000046a582a sp=0x000000001d72ef70 mode 2
Event: 746.060 Thread 0x000000001c8cb800 DEOPT PACKING pc=0x00000000049574a5 sp=0x000000001d82f240
Event: 746.060 Thread 0x000000001c8cb800 DEOPT UNPACKING pc=0x00000000046a787f sp=0x000000001d82efc0 mode 0


Dynamic libraries:
0x00007ff7f37c0000 - 0x00007ff7f37f7000 	C:\Program Files\Java\jdk1.8.0_131\bin\javaw.exe
0x00007ffbed500000 - 0x00007ffbed6e0000 	C:\WINDOWS\SYSTEM32\ntdll.dll
0x00007ffbec860000 - 0x00007ffbec90e000 	C:\WINDOWS\System32\KERNEL32.DLL
0x00007ffbe9c10000 - 0x00007ffbe9e76000 	C:\WINDOWS\System32\KERNELBASE.dll
0x00007ffbecce0000 - 0x00007ffbecd81000 	C:\WINDOWS\System32\ADVAPI32.dll
0x00007ffbecfc0000 - 0x00007ffbed05d000 	C:\WINDOWS\System32\msvcrt.dll
0x00007ffbed370000 - 0x00007ffbed3cb000 	C:\WINDOWS\System32\sechost.dll
0x00007ffbeac90000 - 0x00007ffbeadaf000 	C:\WINDOWS\System32\RPCRT4.dll
0x00007ffbec910000 - 0x00007ffbeca9f000 	C:\WINDOWS\System32\USER32.dll
0x00007ffbe99a0000 - 0x00007ffbe99c0000 	C:\WINDOWS\System32\win32u.dll
0x00007ffbecf50000 - 0x00007ffbecf78000 	C:\WINDOWS\System32\GDI32.dll
0x00007ffbea6d0000 - 0x00007ffbea863000 	C:\WINDOWS\System32\gdi32full.dll
0x00007ffbe9900000 - 0x00007ffbe999b000 	C:\WINDOWS\System32\msvcp_win.dll
0x00007ffbe9e80000 - 0x00007ffbe9f76000 	C:\WINDOWS\System32\ucrtbase.dll
0x00007ffbdf7f0000 - 0x00007ffbdfa59000 	C:\WINDOWS\WinSxS\amd64_microsoft.windows.common-controls_6595b64144ccf1df_6.0.16299.248_none_15ced204935f55d7\COMCTL32.dll
0x00007ffbed060000 - 0x00007ffbed368000 	C:\WINDOWS\System32\combase.dll
0x00007ffbe99c0000 - 0x00007ffbe9a32000 	C:\WINDOWS\System32\bcryptPrimitives.dll
0x00007ffbecf80000 - 0x00007ffbecfad000 	C:\WINDOWS\System32\IMM32.DLL
0x0000000065af0000 - 0x0000000065bc2000 	C:\Program Files\Java\jdk1.8.0_131\jre\bin\msvcr100.dll
0x0000000065d70000 - 0x000000006660c000 	C:\Program Files\Java\jdk1.8.0_131\jre\bin\server\jvm.dll
0x00007ffbecfb0000 - 0x00007ffbecfb8000 	C:\WINDOWS\System32\PSAPI.DLL
0x00007ffbe3080000 - 0x00007ffbe308a000 	C:\WINDOWS\SYSTEM32\VERSION.dll
0x00007ffbe5a60000 - 0x00007ffbe5a69000 	C:\WINDOWS\SYSTEM32\WSOCK32.dll
0x00007ffbe61c0000 - 0x00007ffbe61e3000 	C:\WINDOWS\SYSTEM32\WINMM.dll
0x00007ffbecc10000 - 0x00007ffbecc7c000 	C:\WINDOWS\System32\WS2_32.dll
0x00007ffbe60d0000 - 0x00007ffbe60fa000 	C:\WINDOWS\SYSTEM32\WINMMBASE.dll
0x00007ffbea980000 - 0x00007ffbea9ca000 	C:\WINDOWS\System32\cfgmgr32.dll
0x0000000066640000 - 0x000000006664f000 	C:\Program Files\Java\jdk1.8.0_131\jre\bin\verify.dll
0x0000000065c60000 - 0x0000000065c89000 	C:\Program Files\Java\jdk1.8.0_131\jre\bin\java.dll
0x0000000065c40000 - 0x0000000065c56000 	C:\Program Files\Java\jdk1.8.0_131\jre\bin\zip.dll
0x00007ffbeafd0000 - 0x00007ffbec406000 	C:\WINDOWS\System32\SHELL32.dll
0x00007ffbea9d0000 - 0x00007ffbeaa76000 	C:\WINDOWS\System32\shcore.dll
0x00007ffbe9f80000 - 0x00007ffbea6c7000 	C:\WINDOWS\System32\windows.storage.dll
0x00007ffbecc80000 - 0x00007ffbeccd1000 	C:\WINDOWS\System32\shlwapi.dll
0x00007ffbe98c0000 - 0x00007ffbe98d1000 	C:\WINDOWS\System32\kernel.appcore.dll
0x00007ffbe9870000 - 0x00007ffbe98bc000 	C:\WINDOWS\System32\powrprof.dll
0x00007ffbe9850000 - 0x00007ffbe986b000 	C:\WINDOWS\System32\profapi.dll
0x0000000065c20000 - 0x0000000065c3a000 	C:\Program Files\Java\jdk1.8.0_131\jre\bin\net.dll
0x00007ffbe90e0000 - 0x00007ffbe9146000 	C:\WINDOWS\system32\mswsock.dll
0x0000000065c00000 - 0x0000000065c11000 	C:\Program Files\Java\jdk1.8.0_131\jre\bin\nio.dll
0x0000000066630000 - 0x000000006663c000 	C:\Program Files\Java\jdk1.8.0_131\jre\bin\jsound.dll
0x0000000065ae0000 - 0x0000000065aeb000 	C:\Program Files\Java\jdk1.8.0_131\jre\bin\jsoundds.dll
0x00007ffbeae80000 - 0x00007ffbeafc9000 	C:\WINDOWS\System32\ole32.dll
0x00007ffbae3c0000 - 0x00007ffbae44f000 	C:\WINDOWS\SYSTEM32\DSOUND.dll
0x00007ffbe6fa0000 - 0x00007ffbe7035000 	C:\WINDOWS\system32\uxtheme.dll
0x00007ffbe2cf0000 - 0x00007ffbe2d5f000 	C:\WINDOWS\SYSTEM32\MMDevAPI.DLL
0x00007ffbe9660000 - 0x00007ffbe9687000 	C:\WINDOWS\SYSTEM32\DEVOBJ.dll
0x00007ffbe5b60000 - 0x00007ffbe5d11000 	C:\WINDOWS\SYSTEM32\PROPSYS.dll
0x00007ffbeadb0000 - 0x00007ffbeae75000 	C:\WINDOWS\System32\OLEAUT32.dll
0x00007ffba5ed0000 - 0x00007ffba5f12000 	C:\WINDOWS\SYSTEM32\wdmaud.drv
0x00007ffbe8610000 - 0x00007ffbe861a000 	C:\WINDOWS\SYSTEM32\AVRT.dll
0x00007ffbe4000000 - 0x00007ffbe4009000 	C:\WINDOWS\SYSTEM32\ksuser.dll
0x00007ffbc9c20000 - 0x00007ffbc9d42000 	C:\WINDOWS\SYSTEM32\AUDIOSES.DLL
0x00007ffbe5490000 - 0x00007ffbe55c6000 	C:\WINDOWS\SYSTEM32\wintypes.dll
0x00007ffba5ec0000 - 0x00007ffba5ecc000 	C:\WINDOWS\SYSTEM32\msacm32.drv
0x00007ffba5ea0000 - 0x00007ffba5ebc000 	C:\WINDOWS\SYSTEM32\MSACM32.dll
0x00007ffba5e90000 - 0x00007ffba5e9a000 	C:\WINDOWS\SYSTEM32\midimap.dll
0x00007ffbed3d0000 - 0x00007ffbed46e000 	C:\WINDOWS\System32\clbcatq.dll
0x00007ffbd9c10000 - 0x00007ffbd9d17000 	C:\Windows\System32\Windows.UI.dll
0x00007ffbd9b70000 - 0x00007ffbd9c08000 	C:\Windows\System32\TextInputFramework.dll
0x00007ffbe3180000 - 0x00007ffbe346e000 	C:\Windows\System32\CoreUIComponents.dll
0x00007ffbe6340000 - 0x00007ffbe641c000 	C:\Windows\System32\CoreMessaging.dll
0x00007ffbe8aa0000 - 0x00007ffbe8ad1000 	C:\WINDOWS\SYSTEM32\ntmarta.dll

VM Arguments:
jvm_args: -Dfile.encoding=Cp1252 
java_command: MidiStart
java_class_path (initial): C:\Users\zalex\workspace\midiProject\bin
Launcher Type: SUN_STANDARD

Environment Variables:
PATH=C:/Program Files/Java/jdk1.8.0_131/jre/bin/server;C:/Program Files/Java/jdk1.8.0_131/jre/bin;C:/Program Files/Java/jdk1.8.0_131/jre/lib/amd64;C:\ProgramData\Oracle\Java\javapath;C:\Windows\system32;C:\Windows;C:\Windows\System32\Wbem;C:\Windows\System32\WindowsPowerShell\v1.0\;C:\Program Files\Common Files\Autodesk Shared\;C:\Program Files (x86)\NVIDIA Corporation\PhysX\Common;C:\WINDOWS\system32;C:\WINDOWS;C:\WINDOWS\System32\Wbem;C:\WINDOWS\System32\WindowsPowerShell\v1.0\;C:\Users\zalex\AppData\Local\Microsoft\WindowsApps;C:\Program Files\Heroku\bin;;C:\WINDOWS\system32;
USERNAME=zalex
OS=Windows_NT
PROCESSOR_IDENTIFIER=Intel64 Family 6 Model 60 Stepping 3, GenuineIntel



---------------  S Y S T E M  ---------------

OS: Windows 10.0 , 64 bit Build 16299 (10.0.16299.15)

CPU:total 4 (initial active 4) (2 cores per cpu, 2 threads per core) family 6 model 60 stepping 3, cmov, cx8, fxsr, mmx, sse, sse2, sse3, ssse3, sse4.1, sse4.2, popcnt, avx, avx2, aes, clmul, erms, lzcnt, ht, tsc, tscinvbit, bmi1, bmi2

Memory: 4k page, physical 8303552k(1374656k free), swap 22953916k(920k free)

vm_info: Java HotSpot(TM) 64-Bit Server VM (25.131-b11) for windows-amd64 JRE (1.8.0_131-b11), built on Mar 15 2017 01:23:53 by "java_re" with MS VC++ 10.0 (VS2010)

time: Sat Mar 10 13:48:36 2018
elapsed time: 898 seconds (0d 0h 14m 58s)

