#
# There is insufficient memory for the Java Runtime Environment to continue.
# Native memory allocation (malloc) failed to allocate 32744 bytes for ChunkPool::allocate
# Possible reasons:
#   The system is out of physical RAM or swap space
#   In 32 bit mode, the process size limit was hit
# Possible solutions:
#   Reduce memory load on the system
#   Increase physical memory or swap space
#   Check if swap backing store is full
#   Use 64 bit Java on a 64 bit OS
#   Decrease Java heap size (-Xmx/-Xms)
#   Decrease number of Java threads
#   Decrease Java thread stack sizes (-Xss)
#   Set larger code cache with -XX:ReservedCodeCacheSize=
# This output file may be truncated or incomplete.
#
#  Out of Memory Error (allocation.cpp:273), pid=15312, tid=0x0000000000004040
#
# JRE version: Java(TM) SE Runtime Environment (8.0_131-b11) (build 1.8.0_131-b11)
# Java VM: Java HotSpot(TM) 64-Bit Server VM (25.131-b11 mixed mode windows-amd64 compressed oops)
# Failed to write core dump. Minidumps are not enabled by default on client versions of Windows
#

---------------  T H R E A D  ---------------

Current thread (0x0000000019432000):  JavaThread "C2 CompilerThread1" daemon [_thread_in_vm, id=16448, stack(0x000000001ac90000,0x000000001ad90000)]

Stack: [0x000000001ac90000,0x000000001ad90000]
[error occurred during error reporting (printing stack bounds), id 0xc0000005]

Native frames: (J=compiled Java code, j=interpreted, Vv=VM code, C=native code)


Current CompileTask:
C2:1061267  807 % !   4       com.sun.media.sound.SoftJitterCorrector$JitterStream$1::run @ 421 (553 bytes)


---------------  P R O C E S S  ---------------

Java Threads: ( => current thread )
  0x00000000047c0800 JavaThread "DestroyJavaVM" [_thread_blocked, id=2232, stack(0x00000000046c0000,0x00000000047c0000)]
  0x000000001c311800 JavaThread "Java Sound Sequencer" [_thread_blocked, id=17048, stack(0x000000001db70000,0x000000001dc70000)]
  0x000000001c994000 JavaThread "Thread-2" daemon [_thread_blocked, id=2520, stack(0x000000001da70000,0x000000001db70000)]
  0x000000001c99a800 JavaThread "Thread-1" daemon [_thread_blocked, id=14324, stack(0x000000001d970000,0x000000001da70000)]
  0x000000001c2a0000 JavaThread "Java Sound Event Dispatcher" daemon [_thread_blocked, id=16712, stack(0x000000001d570000,0x000000001d670000)]
  0x000000001aeb9000 JavaThread "Service Thread" daemon [_thread_blocked, id=15940, stack(0x000000001b290000,0x000000001b390000)]
  0x000000001945b000 JavaThread "C1 CompilerThread2" daemon [_thread_blocked, id=2020, stack(0x000000001ad90000,0x000000001ae90000)]
=>0x0000000019432000 JavaThread "C2 CompilerThread1" daemon [_thread_in_vm, id=16448, stack(0x000000001ac90000,0x000000001ad90000)]
  0x000000001942c800 JavaThread "C2 CompilerThread0" daemon [_thread_blocked, id=15936, stack(0x000000001ab90000,0x000000001ac90000)]
  0x000000001942a800 JavaThread "Attach Listener" daemon [_thread_blocked, id=16456, stack(0x000000001aa90000,0x000000001ab90000)]
  0x0000000019429800 JavaThread "Signal Dispatcher" daemon [_thread_blocked, id=9140, stack(0x000000001a990000,0x000000001aa90000)]
  0x00000000048ba000 JavaThread "Finalizer" daemon [_thread_blocked, id=16468, stack(0x000000001a6a0000,0x000000001a7a0000)]
  0x00000000048af000 JavaThread "Reference Handler" daemon [_thread_blocked, id=16428, stack(0x000000001a5a0000,0x000000001a6a0000)]

Other Threads:
  0x00000000193f7800 VMThread [stack: 0x000000001a4a0000,0x000000001a5a0000] [id=15932]
  0x000000001aebf800 WatcherThread [stack: 0x000000001b390000,0x000000001b490000] [id=15408]

VM state:not at safepoint (normal execution)

VM Mutex/Monitor currently owned by a thread: None

Heap:
 PSYoungGen      total 71680K, used 24316K [0x00000000d5c00000, 0x00000000da700000, 0x0000000100000000)
  eden space 66560K, 28% used [0x00000000d5c00000,0x00000000d6ec59f0,0x00000000d9d00000)
  from space 5120K, 99% used [0x00000000da200000,0x00000000da6f9610,0x00000000da700000)
  to   space 5120K, 0% used [0x00000000d9d00000,0x00000000d9d00000,0x00000000da200000)
 ParOldGen       total 87552K, used 5864K [0x0000000081400000, 0x0000000086980000, 0x00000000d5c00000)
  object space 87552K, 6% used [0x0000000081400000,0x00000000819ba000,0x0000000086980000)
 Metaspace       used 6265K, capacity 6376K, committed 6400K, reserved 1056768K
  class space    used 713K, capacity 759K, committed 768K, reserved 1048576K

Card table byte_map: [0x0000000013c80000,0x0000000014080000] byte_map_base: 0x0000000013876000

Marking Bits: (ParMarkBitMap*) 0x000000006658c720
 Begin Bits: [0x0000000014730000, 0x00000000166e0000)
 End Bits:   [0x00000000166e0000, 0x0000000018690000)

Polling page: 0x0000000002cc0000

CodeCache: size=245760Kb used=3824Kb max_used=3825Kb free=241935Kb
 bounds [0x00000000048c0000, 0x0000000004c90000, 0x00000000138c0000]
 total_blobs=1118 nmethods=801 adapters=230
 compilation: enabled

Compilation events (10 events):
Event: 376.732 Thread 0x0000000019432000 nmethod 802% 0x0000000004c7e090 code [0x0000000004c7e240, 0x0000000004c7f128]
Event: 411.623 Thread 0x000000001945b000  803 % !   3       com.sun.media.sound.SoftAudioPusher::run @ 15 (62 bytes)
Event: 411.623 Thread 0x000000001945b000 nmethod 803% 0x0000000004c6dcd0 code [0x0000000004c6de80, 0x0000000004c6e4b8]
Event: 418.598 Thread 0x000000001945b000  804   !   3       com.sun.media.sound.SoftAudioPusher::run (62 bytes)
Event: 418.598 Thread 0x000000001945b000 nmethod 804 0x0000000004c7b3d0 code [0x0000000004c7b560, 0x0000000004c7bad8]
Event: 690.282 Thread 0x000000001942c800  805 % !   4       com.sun.media.sound.SoftAudioPusher::run @ 15 (62 bytes)
Event: 690.287 Thread 0x000000001942c800 nmethod 805% 0x0000000004c7ff90 code [0x0000000004c80100, 0x0000000004c80588]
Event: 900.769 Thread 0x000000001945b000  806 % !   3       com.sun.media.sound.SoftJitterCorrector$JitterStream$1::run @ 421 (553 bytes)
Event: 900.770 Thread 0x000000001945b000 nmethod 806% 0x0000000004c78590 code [0x0000000004c78860, 0x0000000004c7a158]
Event: 1060.986 Thread 0x0000000019432000  807 % !   4       com.sun.media.sound.SoftJitterCorrector$JitterStream$1::run @ 421 (553 bytes)

GC Heap History (4 events):
Event: 0.470 GC heap before
{Heap before GC invocations=1 (full 0):
 PSYoungGen      total 38400K, used 33280K [0x00000000d5c00000, 0x00000000d8680000, 0x0000000100000000)
  eden space 33280K, 100% used [0x00000000d5c00000,0x00000000d7c80000,0x00000000d7c80000)
  from space 5120K, 0% used [0x00000000d8180000,0x00000000d8180000,0x00000000d8680000)
  to   space 5120K, 0% used [0x00000000d7c80000,0x00000000d7c80000,0x00000000d8180000)
 ParOldGen       total 87552K, used 0K [0x0000000081400000, 0x0000000086980000, 0x00000000d5c00000)
  object space 87552K, 0% used [0x0000000081400000,0x0000000081400000,0x0000000086980000)
 Metaspace       used 5683K, capacity 5800K, committed 5888K, reserved 1056768K
  class space    used 646K, capacity 695K, committed 768K, reserved 1048576K
Event: 0.478 GC heap after
Heap after GC invocations=1 (full 0):
 PSYoungGen      total 38400K, used 5102K [0x00000000d5c00000, 0x00000000da700000, 0x0000000100000000)
  eden space 33280K, 0% used [0x00000000d5c00000,0x00000000d5c00000,0x00000000d7c80000)
  from space 5120K, 99% used [0x00000000d7c80000,0x00000000d817bad8,0x00000000d8180000)
  to   space 5120K, 0% used [0x00000000da200000,0x00000000da200000,0x00000000da700000)
 ParOldGen       total 87552K, used 2208K [0x0000000081400000, 0x0000000086980000, 0x00000000d5c00000)
  object space 87552K, 2% used [0x0000000081400000,0x0000000081628000,0x0000000086980000)
 Metaspace       used 5683K, capacity 5800K, committed 5888K, reserved 1056768K
  class space    used 646K, capacity 695K, committed 768K, reserved 1048576K
}
Event: 0.564 GC heap before
{Heap before GC invocations=2 (full 0):
 PSYoungGen      total 38400K, used 38382K [0x00000000d5c00000, 0x00000000da700000, 0x0000000100000000)
  eden space 33280K, 100% used [0x00000000d5c00000,0x00000000d7c80000,0x00000000d7c80000)
  from space 5120K, 99% used [0x00000000d7c80000,0x00000000d817bad8,0x00000000d8180000)
  to   space 5120K, 0% used [0x00000000da200000,0x00000000da200000,0x00000000da700000)
 ParOldGen       total 87552K, used 2208K [0x0000000081400000, 0x0000000086980000, 0x00000000d5c00000)
  object space 87552K, 2% used [0x0000000081400000,0x0000000081628000,0x0000000086980000)
 Metaspace       used 5684K, capacity 5800K, committed 5888K, reserved 1056768K
  class space    used 646K, capacity 695K, committed 768K, reserved 1048576K
Event: 0.578 GC heap after
Heap after GC invocations=2 (full 0):
 PSYoungGen      total 71680K, used 5093K [0x00000000d5c00000, 0x00000000da700000, 0x0000000100000000)
  eden space 66560K, 0% used [0x00000000d5c00000,0x00000000d5c00000,0x00000000d9d00000)
  from space 5120K, 99% used [0x00000000da200000,0x00000000da6f9610,0x00000000da700000)
  to   space 5120K, 0% used [0x00000000d9d00000,0x00000000d9d00000,0x00000000da200000)
 ParOldGen       total 87552K, used 5864K [0x0000000081400000, 0x0000000086980000, 0x00000000d5c00000)
  object space 87552K, 6% used [0x0000000081400000,0x00000000819ba000,0x0000000086980000)
 Metaspace       used 5684K, capacity 5800K, committed 5888K, reserved 1056768K
  class space    used 646K, capacity 695K, committed 768K, reserved 1048576K
}

Deoptimization events (10 events):
Event: 0.455 Thread 0x00000000047c0800 Uncommon trap: reason=array_check action=maybe_recompile pc=0x0000000004b58d6c method=java.util.TimSort.reverseRange([Ljava/lang/Object;II)V @ 20
Event: 0.503 Thread 0x00000000047c0800 Uncommon trap: reason=unstable_if action=reinterpret pc=0x0000000004af126c method=com.sun.media.sound.DLSInstrument.convertToModelDest(I)Lcom/sun/media/sound/ModelIdentifier; @ 26
Event: 4.230 Thread 0x000000001c99a800 Uncommon trap: reason=unstable_if action=reinterpret pc=0x0000000004c18f64 method=com.sun.media.sound.SoftMainMixer.processAudioBuffers()V @ 1423
Event: 4.230 Thread 0x000000001c99a800 Uncommon trap: reason=unstable_if action=reinterpret pc=0x0000000004c14fa8 method=com.sun.media.sound.SoftReverb.processAudio()V @ 9
Event: 4.244 Thread 0x000000001c99a800 Uncommon trap: reason=unstable_if action=reinterpret pc=0x0000000004c0eb64 method=com.sun.media.sound.SoftReverb.processAudio()V @ 851
Event: 8.828 Thread 0x000000001c311800 Uncommon trap: reason=unstable_if action=reinterpret pc=0x0000000004c57b2c method=com.sun.media.sound.RealTimeSequencer$DataPump.pump()Z @ 375
Event: 15.313 Thread 0x000000001c99a800 Uncommon trap: reason=unstable_if action=reinterpret pc=0x0000000004c5c5ac method=com.sun.media.sound.SoftReverb.processAudio()V @ 21
Event: 15.313 Thread 0x000000001c99a800 Uncommon trap: reason=unstable_if action=reinterpret pc=0x0000000004c5fd70 method=com.sun.media.sound.SoftMainMixer.processAudioBuffers()V @ 1922
Event: 15.313 Thread 0x000000001c99a800 Uncommon trap: reason=unstable_if action=reinterpret pc=0x0000000004c07b28 method=com.sun.media.sound.SoftLimiter.processAudio()V @ 7
Event: 897.293 Thread 0x000000001c99a800 Uncommon trap: reason=unstable_if action=reinterpret pc=0x0000000004c7cb84 method=com.sun.media.sound.SoftJitterCorrector$JitterStream$1.run()V @ 525

Internal exceptions (8 events):
Event: 0.040 Thread 0x00000000047c0800 Exception <a 'java/lang/NoSuchMethodError': Method sun.misc.Unsafe.defineClass(Ljava/lang/String;[BII)Ljava/lang/Class; name or signature does not match> (0x00000000d5c07ca8) thrown at [C:\re\workspace\8-2-build-windows-amd64-cygwin\jdk8u131\8869\hotspot\
Event: 0.040 Thread 0x00000000047c0800 Exception <a 'java/lang/NoSuchMethodError': Method sun.misc.Unsafe.prefetchRead(Ljava/lang/Object;J)V name or signature does not match> (0x00000000d5c07f90) thrown at [C:\re\workspace\8-2-build-windows-amd64-cygwin\jdk8u131\8869\hotspot\src\share\vm\prims
Event: 0.128 Thread 0x00000000047c0800 Exception <a 'java/security/PrivilegedActionException'> (0x00000000d5c95130) thrown at [C:\re\workspace\8-2-build-windows-amd64-cygwin\jdk8u131\8869\hotspot\src\share\vm\prims\jvm.cpp, line 1390]
Event: 0.128 Thread 0x00000000047c0800 Exception <a 'java/security/PrivilegedActionException'> (0x00000000d5c95528) thrown at [C:\re\workspace\8-2-build-windows-amd64-cygwin\jdk8u131\8869\hotspot\src\share\vm\prims\jvm.cpp, line 1390]
Event: 0.129 Thread 0x00000000047c0800 Exception <a 'java/security/PrivilegedActionException'> (0x00000000d5c99620) thrown at [C:\re\workspace\8-2-build-windows-amd64-cygwin\jdk8u131\8869\hotspot\src\share\vm\prims\jvm.cpp, line 1390]
Event: 0.129 Thread 0x00000000047c0800 Exception <a 'java/security/PrivilegedActionException'> (0x00000000d5c99a18) thrown at [C:\re\workspace\8-2-build-windows-amd64-cygwin\jdk8u131\8869\hotspot\src\share\vm\prims\jvm.cpp, line 1390]
Event: 0.193 Thread 0x00000000047c0800 Exception <a 'java/lang/NoSuchFieldError': method resolution failed> (0x00000000d5ed7860) thrown at [C:\re\workspace\8-2-build-windows-amd64-cygwin\jdk8u131\8869\hotspot\src\share\vm\prims\methodHandles.cpp, line 1146]
Event: 0.195 Thread 0x00000000047c0800 Exception <a 'java/lang/NoSuchFieldError': method resolution failed> (0x00000000d5ee5000) thrown at [C:\re\workspace\8-2-build-windows-amd64-cygwin\jdk8u131\8869\hotspot\src\share\vm\prims\methodHandles.cpp, line 1146]

Events (10 events):
Event: 15.313 Thread 0x000000001c99a800 DEOPT UNPACKING pc=0x000000000490582a sp=0x000000001da6f028 mode 2
Event: 373.237 Thread 0x000000001c99a800 DEOPT PACKING pc=0x0000000004c73ec0 sp=0x000000001da6f420
Event: 373.237 Thread 0x000000001c99a800 DEOPT UNPACKING pc=0x000000000490787f sp=0x000000001da6f1c8 mode 0
Event: 401.102 Thread 0x000000001c99a800 DEOPT PACKING pc=0x0000000004c71185 sp=0x000000001da6f460
Event: 401.102 Thread 0x000000001c99a800 DEOPT UNPACKING pc=0x000000000490787f sp=0x000000001da6f1c8 mode 0
Event: 745.993 Thread 0x000000001c994000 DEOPT PACKING pc=0x0000000004c6e365 sp=0x000000001db6f770
Event: 745.993 Thread 0x000000001c994000 DEOPT UNPACKING pc=0x000000000490787f sp=0x000000001db6f4f0 mode 0
Event: 897.293 Thread 0x000000001c99a800 Uncommon trap: trap_request=0xffffff65 fr.pc=0x0000000004c7cb84
Event: 897.293 Thread 0x000000001c99a800 DEOPT PACKING pc=0x0000000004c7cb84 sp=0x000000001da6f4c0
Event: 897.293 Thread 0x000000001c99a800 DEOPT UNPACKING pc=0x000000000490582a sp=0x000000001da6f450 mode 2


Dynamic libraries:
0x00007ff7f37c0000 - 0x00007ff7f37f7000 	C:\Program Files\Java\jdk1.8.0_131\bin\javaw.exe
0x00007ffbed500000 - 0x00007ffbed6e0000 	C:\WINDOWS\SYSTEM32\ntdll.dll
0x00007ffbec860000 - 0x00007ffbec90e000 	C:\WINDOWS\System32\KERNEL32.DLL
0x00007ffbe9c10000 - 0x00007ffbe9e76000 	C:\WINDOWS\System32\KERNELBASE.dll
0x00007ffbecce0000 - 0x00007ffbecd81000 	C:\WINDOWS\System32\ADVAPI32.dll
0x00007ffbecfc0000 - 0x00007ffbed05d000 	C:\WINDOWS\System32\msvcrt.dll
0x00007ffbed370000 - 0x00007ffbed3cb000 	C:\WINDOWS\System32\sechost.dll
0x00007ffbeac90000 - 0x00007ffbeadaf000 	C:\WINDOWS\System32\RPCRT4.dll
0x00007ffbec910000 - 0x00007ffbeca9f000 	C:\WINDOWS\System32\USER32.dll
0x00007ffbe99a0000 - 0x00007ffbe99c0000 	C:\WINDOWS\System32\win32u.dll
0x00007ffbecf50000 - 0x00007ffbecf78000 	C:\WINDOWS\System32\GDI32.dll
0x00007ffbea6d0000 - 0x00007ffbea863000 	C:\WINDOWS\System32\gdi32full.dll
0x00007ffbe9900000 - 0x00007ffbe999b000 	C:\WINDOWS\System32\msvcp_win.dll
0x00007ffbe9e80000 - 0x00007ffbe9f76000 	C:\WINDOWS\System32\ucrtbase.dll
0x00007ffbdf7f0000 - 0x00007ffbdfa59000 	C:\WINDOWS\WinSxS\amd64_microsoft.windows.common-controls_6595b64144ccf1df_6.0.16299.248_none_15ced204935f55d7\COMCTL32.dll
0x00007ffbed060000 - 0x00007ffbed368000 	C:\WINDOWS\System32\combase.dll
0x00007ffbe99c0000 - 0x00007ffbe9a32000 	C:\WINDOWS\System32\bcryptPrimitives.dll
0x00007ffbecf80000 - 0x00007ffbecfad000 	C:\WINDOWS\System32\IMM32.DLL
0x0000000065af0000 - 0x0000000065bc2000 	C:\Program Files\Java\jdk1.8.0_131\jre\bin\msvcr100.dll
0x0000000065d70000 - 0x000000006660c000 	C:\Program Files\Java\jdk1.8.0_131\jre\bin\server\jvm.dll
0x00007ffbecfb0000 - 0x00007ffbecfb8000 	C:\WINDOWS\System32\PSAPI.DLL
0x00007ffbe61c0000 - 0x00007ffbe61e3000 	C:\WINDOWS\SYSTEM32\WINMM.dll
0x00007ffbe5a60000 - 0x00007ffbe5a69000 	C:\WINDOWS\SYSTEM32\WSOCK32.dll
0x00007ffbecc10000 - 0x00007ffbecc7c000 	C:\WINDOWS\System32\WS2_32.dll
0x00007ffbe3080000 - 0x00007ffbe308a000 	C:\WINDOWS\SYSTEM32\VERSION.dll
0x00007ffbe60d0000 - 0x00007ffbe60fa000 	C:\WINDOWS\SYSTEM32\winmmbase.dll
0x00007ffbea980000 - 0x00007ffbea9ca000 	C:\WINDOWS\System32\cfgmgr32.dll
0x0000000066640000 - 0x000000006664f000 	C:\Program Files\Java\jdk1.8.0_131\jre\bin\verify.dll
0x0000000065c60000 - 0x0000000065c89000 	C:\Program Files\Java\jdk1.8.0_131\jre\bin\java.dll
0x0000000065c40000 - 0x0000000065c56000 	C:\Program Files\Java\jdk1.8.0_131\jre\bin\zip.dll
0x00007ffbeafd0000 - 0x00007ffbec406000 	C:\WINDOWS\System32\SHELL32.dll
0x00007ffbea9d0000 - 0x00007ffbeaa76000 	C:\WINDOWS\System32\shcore.dll
0x00007ffbe9f80000 - 0x00007ffbea6c7000 	C:\WINDOWS\System32\windows.storage.dll
0x00007ffbecc80000 - 0x00007ffbeccd1000 	C:\WINDOWS\System32\shlwapi.dll
0x00007ffbe98c0000 - 0x00007ffbe98d1000 	C:\WINDOWS\System32\kernel.appcore.dll
0x00007ffbe9870000 - 0x00007ffbe98bc000 	C:\WINDOWS\System32\powrprof.dll
0x00007ffbe9850000 - 0x00007ffbe986b000 	C:\WINDOWS\System32\profapi.dll
0x0000000065c20000 - 0x0000000065c3a000 	C:\Program Files\Java\jdk1.8.0_131\jre\bin\net.dll
0x00007ffbe90e0000 - 0x00007ffbe9146000 	C:\WINDOWS\system32\mswsock.dll
0x0000000065c00000 - 0x0000000065c11000 	C:\Program Files\Java\jdk1.8.0_131\jre\bin\nio.dll
0x0000000066630000 - 0x000000006663c000 	C:\Program Files\Java\jdk1.8.0_131\jre\bin\jsound.dll
0x0000000065ae0000 - 0x0000000065aeb000 	C:\Program Files\Java\jdk1.8.0_131\jre\bin\jsoundds.dll
0x00007ffbeae80000 - 0x00007ffbeafc9000 	C:\WINDOWS\System32\ole32.dll
0x00007ffbae3c0000 - 0x00007ffbae44f000 	C:\WINDOWS\SYSTEM32\DSOUND.dll
0x00007ffbe6fa0000 - 0x00007ffbe7035000 	C:\WINDOWS\system32\uxtheme.dll
0x00007ffbe2cf0000 - 0x00007ffbe2d5f000 	C:\WINDOWS\SYSTEM32\MMDevAPI.DLL
0x00007ffbe9660000 - 0x00007ffbe9687000 	C:\WINDOWS\SYSTEM32\DEVOBJ.dll
0x00007ffbe5b60000 - 0x00007ffbe5d11000 	C:\WINDOWS\SYSTEM32\PROPSYS.dll
0x00007ffbeadb0000 - 0x00007ffbeae75000 	C:\WINDOWS\System32\OLEAUT32.dll
0x00007ffba5ed0000 - 0x00007ffba5f12000 	C:\WINDOWS\SYSTEM32\wdmaud.drv
0x00007ffbe8610000 - 0x00007ffbe861a000 	C:\WINDOWS\SYSTEM32\AVRT.dll
0x00007ffbe4000000 - 0x00007ffbe4009000 	C:\WINDOWS\SYSTEM32\ksuser.dll
0x00007ffbc9c20000 - 0x00007ffbc9d42000 	C:\WINDOWS\SYSTEM32\AUDIOSES.DLL
0x00007ffbe5490000 - 0x00007ffbe55c6000 	C:\WINDOWS\SYSTEM32\wintypes.dll
0x00007ffba5ec0000 - 0x00007ffba5ecc000 	C:\WINDOWS\SYSTEM32\msacm32.drv
0x00007ffba5ea0000 - 0x00007ffba5ebc000 	C:\WINDOWS\SYSTEM32\MSACM32.dll
0x00007ffba5e90000 - 0x00007ffba5e9a000 	C:\WINDOWS\SYSTEM32\midimap.dll
0x00007ffbed3d0000 - 0x00007ffbed46e000 	C:\WINDOWS\System32\clbcatq.dll
0x00007ffbd9c10000 - 0x00007ffbd9d17000 	C:\Windows\System32\Windows.UI.dll
0x00007ffbd9b70000 - 0x00007ffbd9c08000 	C:\Windows\System32\TextInputFramework.dll
0x00007ffbe3180000 - 0x00007ffbe346e000 	C:\Windows\System32\CoreUIComponents.dll
0x00007ffbe6340000 - 0x00007ffbe641c000 	C:\Windows\System32\CoreMessaging.dll
0x00007ffbe8aa0000 - 0x00007ffbe8ad1000 	C:\WINDOWS\SYSTEM32\ntmarta.dll

VM Arguments:
jvm_args: -Dfile.encoding=Cp1252 
java_command: MidiStart
java_class_path (initial): C:\Users\zalex\workspace\midiProject\bin
Launcher Type: SUN_STANDARD

Environment Variables:
PATH=C:/Program Files/Java/jdk1.8.0_131/jre/bin/server;C:/Program Files/Java/jdk1.8.0_131/jre/bin;C:/Program Files/Java/jdk1.8.0_131/jre/lib/amd64;C:\ProgramData\Oracle\Java\javapath;C:\Windows\system32;C:\Windows;C:\Windows\System32\Wbem;C:\Windows\System32\WindowsPowerShell\v1.0\;C:\Program Files\Common Files\Autodesk Shared\;C:\Program Files (x86)\NVIDIA Corporation\PhysX\Common;C:\WINDOWS\system32;C:\WINDOWS;C:\WINDOWS\System32\Wbem;C:\WINDOWS\System32\WindowsPowerShell\v1.0\;C:\Users\zalex\AppData\Local\Microsoft\WindowsApps;C:\Program Files\Heroku\bin;;C:\WINDOWS\system32;
USERNAME=zalex
OS=Windows_NT
PROCESSOR_IDENTIFIER=Intel64 Family 6 Model 60 Stepping 3, GenuineIntel



---------------  S Y S T E M  ---------------

OS: Windows 10.0 , 64 bit Build 16299 (10.0.16299.15)

CPU:total 4 (initial active 4) (2 cores per cpu, 2 threads per core) family 6 model 60 stepping 3, cmov, cx8, fxsr, mmx, sse, sse2, sse3, ssse3, sse4.1, sse4.2, popcnt, avx, avx2, aes, clmul, erms, lzcnt, ht, tsc, tscinvbit, bmi1, bmi2

Memory: 4k page, physical 8303552k(1374008k free), swap 22953916k(40k free)

vm_info: Java HotSpot(TM) 64-Bit Server VM (25.131-b11) for windows-amd64 JRE (1.8.0_131-b11), built on Mar 15 2017 01:23:53 by "java_re" with MS VC++ 10.0 (VS2010)

time: Sat Mar 10 13:48:36 2018
elapsed time: 1060 seconds (0d 0h 17m 40s)

