#
# There is insufficient memory for the Java Runtime Environment to continue.
# Native memory allocation (malloc) failed to allocate 32784 bytes for Chunk::new
# Possible reasons:
#   The system is out of physical RAM or swap space
#   In 32 bit mode, the process size limit was hit
# Possible solutions:
#   Reduce memory load on the system
#   Increase physical memory or swap space
#   Check if swap backing store is full
#   Use 64 bit Java on a 64 bit OS
#   Decrease Java heap size (-Xmx/-Xms)
#   Decrease number of Java threads
#   Decrease Java thread stack sizes (-Xss)
#   Set larger code cache with -XX:ReservedCodeCacheSize=
# This output file may be truncated or incomplete.
#
#  Out of Memory Error (allocation.cpp:390), pid=15920, tid=0x000000000000444c
#
# JRE version: Java(TM) SE Runtime Environment (8.0_131-b11) (build 1.8.0_131-b11)
# Java VM: Java HotSpot(TM) 64-Bit Server VM (25.131-b11 mixed mode windows-amd64 compressed oops)
# Failed to write core dump. Minidumps are not enabled by default on client versions of Windows
#

---------------  T H R E A D  ---------------

Current thread (0x0000000019e8c800):  JavaThread "C2 CompilerThread0" daemon [_thread_in_native, id=17484, stack(0x000000001b5e0000,0x000000001b6e0000)]

Stack: [0x000000001b5e0000,0x000000001b6e0000]
[error occurred during error reporting (printing stack bounds), id 0xc0000005]

Native frames: (J=compiled Java code, j=interpreted, Vv=VM code, C=native code)


Current CompileTask:
C2:1020891  820 % !   4       com.sun.media.sound.SoftJitterCorrector$JitterStream$1::run @ 421 (553 bytes)


---------------  P R O C E S S  ---------------

Java Threads: ( => current thread )
  0x0000000005220800 JavaThread "DestroyJavaVM" [_thread_blocked, id=17440, stack(0x0000000005120000,0x0000000005220000)]
  0x000000001e132000 JavaThread "Java Sound Sequencer" [_thread_blocked, id=17564, stack(0x000000001f700000,0x000000001f800000)]
  0x000000001cd56000 JavaThread "Thread-2" daemon [_thread_blocked, id=17560, stack(0x000000001f600000,0x000000001f700000)]
  0x000000001dcbe000 JavaThread "Thread-1" daemon [_thread_blocked, id=17556, stack(0x000000001f500000,0x000000001f600000)]
  0x000000001d092000 JavaThread "Java Sound Event Dispatcher" daemon [_thread_blocked, id=17544, stack(0x000000001f0a0000,0x000000001f1a0000)]
  0x000000001b908800 JavaThread "Service Thread" daemon [_thread_blocked, id=17496, stack(0x000000001bce0000,0x000000001bde0000)]
  0x0000000019e99000 JavaThread "C1 CompilerThread2" daemon [_thread_blocked, id=17492, stack(0x000000001b7e0000,0x000000001b8e0000)]
  0x0000000019e92000 JavaThread "C2 CompilerThread1" daemon [_thread_blocked, id=17488, stack(0x000000001b6e0000,0x000000001b7e0000)]
=>0x0000000019e8c800 JavaThread "C2 CompilerThread0" daemon [_thread_in_native, id=17484, stack(0x000000001b5e0000,0x000000001b6e0000)]
  0x0000000019e8a800 JavaThread "Attach Listener" daemon [_thread_blocked, id=17480, stack(0x000000001b4e0000,0x000000001b5e0000)]
  0x0000000019e89800 JavaThread "Signal Dispatcher" daemon [_thread_blocked, id=17476, stack(0x000000001b3e0000,0x000000001b4e0000)]
  0x0000000019e78800 JavaThread "Finalizer" daemon [_thread_blocked, id=17468, stack(0x000000001b0f0000,0x000000001b1f0000)]
  0x0000000005311000 JavaThread "Reference Handler" daemon [_thread_blocked, id=17464, stack(0x000000001aff0000,0x000000001b0f0000)]

Other Threads:
  0x0000000019e56800 VMThread [stack: 0x000000001aef0000,0x000000001aff0000] [id=17460]
  0x000000001b90b000 WatcherThread [stack: 0x000000001bde0000,0x000000001bee0000] [id=17500]

VM state:not at safepoint (normal execution)

VM Mutex/Monitor currently owned by a thread: None

Heap:
 PSYoungGen      total 71680K, used 25646K [0x00000000d5c00000, 0x00000000da700000, 0x0000000100000000)
  eden space 66560K, 30% used [0x00000000d5c00000,0x00000000d7012488,0x00000000d9d00000)
  from space 5120K, 99% used [0x00000000da200000,0x00000000da6f9490,0x00000000da700000)
  to   space 5120K, 0% used [0x00000000d9d00000,0x00000000d9d00000,0x00000000da200000)
 ParOldGen       total 87552K, used 5833K [0x0000000081400000, 0x0000000086980000, 0x00000000d5c00000)
  object space 87552K, 6% used [0x0000000081400000,0x00000000819b24c8,0x0000000086980000)
 Metaspace       used 6281K, capacity 6376K, committed 6400K, reserved 1056768K
  class space    used 713K, capacity 759K, committed 768K, reserved 1048576K

Card table byte_map: [0x00000000146e0000,0x0000000014ae0000] byte_map_base: 0x00000000142d6000

Marking Bits: (ParMarkBitMap*) 0x000000006658c720
 Begin Bits: [0x0000000015190000, 0x0000000017140000)
 End Bits:   [0x0000000017140000, 0x00000000190f0000)

Polling page: 0x00000000036b0000

CodeCache: size=245760Kb used=3911Kb max_used=3911Kb free=241849Kb
 bounds [0x0000000005320000, 0x0000000005700000, 0x0000000014320000]
 total_blobs=1128 nmethods=811 adapters=230
 compilation: enabled

Compilation events (10 events):
Event: 376.810 Thread 0x0000000019e92000 nmethod 815% 0x00000000056f2490 code [0x00000000056f2640, 0x00000000056f3528]
Event: 411.693 Thread 0x0000000019e99000  816 % !   3       com.sun.media.sound.SoftAudioPusher::run @ 15 (62 bytes)
Event: 411.693 Thread 0x0000000019e99000 nmethod 816% 0x00000000056e20d0 code [0x00000000056e2280, 0x00000000056e28b8]
Event: 418.677 Thread 0x0000000019e99000  817   !   3       com.sun.media.sound.SoftAudioPusher::run (62 bytes)
Event: 418.677 Thread 0x0000000019e99000 nmethod 817 0x00000000056ef7d0 code [0x00000000056ef960, 0x00000000056efed8]
Event: 690.339 Thread 0x0000000019e8c800  818 % !   4       com.sun.media.sound.SoftAudioPusher::run @ 15 (62 bytes)
Event: 690.344 Thread 0x0000000019e8c800 nmethod 818% 0x00000000056f4390 code [0x00000000056f4500, 0x00000000056f4988]
Event: 860.397 Thread 0x0000000019e99000  819 % !   3       com.sun.media.sound.SoftJitterCorrector$JitterStream$1::run @ 421 (553 bytes)
Event: 860.400 Thread 0x0000000019e99000 nmethod 819% 0x00000000056ec990 code [0x00000000056ecc60, 0x00000000056ee558]
Event: 1020.616 Thread 0x0000000019e8c800  820 % !   4       com.sun.media.sound.SoftJitterCorrector$JitterStream$1::run @ 421 (553 bytes)

GC Heap History (4 events):
Event: 0.540 GC heap before
{Heap before GC invocations=1 (full 0):
 PSYoungGen      total 38400K, used 33280K [0x00000000d5c00000, 0x00000000d8680000, 0x0000000100000000)
  eden space 33280K, 100% used [0x00000000d5c00000,0x00000000d7c80000,0x00000000d7c80000)
  from space 5120K, 0% used [0x00000000d8180000,0x00000000d8180000,0x00000000d8680000)
  to   space 5120K, 0% used [0x00000000d7c80000,0x00000000d7c80000,0x00000000d8180000)
 ParOldGen       total 87552K, used 0K [0x0000000081400000, 0x0000000086980000, 0x00000000d5c00000)
  object space 87552K, 0% used [0x0000000081400000,0x0000000081400000,0x0000000086980000)
 Metaspace       used 5697K, capacity 5800K, committed 5888K, reserved 1056768K
  class space    used 646K, capacity 695K, committed 768K, reserved 1048576K
Event: 0.549 GC heap after
Heap after GC invocations=1 (full 0):
 PSYoungGen      total 38400K, used 5090K [0x00000000d5c00000, 0x00000000da700000, 0x0000000100000000)
  eden space 33280K, 0% used [0x00000000d5c00000,0x00000000d5c00000,0x00000000d7c80000)
  from space 5120K, 99% used [0x00000000d7c80000,0x00000000d81789f0,0x00000000d8180000)
  to   space 5120K, 0% used [0x00000000da200000,0x00000000da200000,0x00000000da700000)
 ParOldGen       total 87552K, used 2233K [0x0000000081400000, 0x0000000086980000, 0x00000000d5c00000)
  object space 87552K, 2% used [0x0000000081400000,0x000000008162e4c8,0x0000000086980000)
 Metaspace       used 5697K, capacity 5800K, committed 5888K, reserved 1056768K
  class space    used 646K, capacity 695K, committed 768K, reserved 1048576K
}
Event: 0.633 GC heap before
{Heap before GC invocations=2 (full 0):
 PSYoungGen      total 38400K, used 38370K [0x00000000d5c00000, 0x00000000da700000, 0x0000000100000000)
  eden space 33280K, 100% used [0x00000000d5c00000,0x00000000d7c80000,0x00000000d7c80000)
  from space 5120K, 99% used [0x00000000d7c80000,0x00000000d81789f0,0x00000000d8180000)
  to   space 5120K, 0% used [0x00000000da200000,0x00000000da200000,0x00000000da700000)
 ParOldGen       total 87552K, used 2233K [0x0000000081400000, 0x0000000086980000, 0x00000000d5c00000)
  object space 87552K, 2% used [0x0000000081400000,0x000000008162e4c8,0x0000000086980000)
 Metaspace       used 5698K, capacity 5800K, committed 5888K, reserved 1056768K
  class space    used 646K, capacity 695K, committed 768K, reserved 1048576K
Event: 0.644 GC heap after
Heap after GC invocations=2 (full 0):
 PSYoungGen      total 71680K, used 5093K [0x00000000d5c00000, 0x00000000da700000, 0x0000000100000000)
  eden space 66560K, 0% used [0x00000000d5c00000,0x00000000d5c00000,0x00000000d9d00000)
  from space 5120K, 99% used [0x00000000da200000,0x00000000da6f9490,0x00000000da700000)
  to   space 5120K, 0% used [0x00000000d9d00000,0x00000000d9d00000,0x00000000da200000)
 ParOldGen       total 87552K, used 5833K [0x0000000081400000, 0x0000000086980000, 0x00000000d5c00000)
  object space 87552K, 6% used [0x0000000081400000,0x00000000819b24c8,0x0000000086980000)
 Metaspace       used 5698K, capacity 5800K, committed 5888K, reserved 1056768K
  class space    used 646K, capacity 695K, committed 768K, reserved 1048576K
}

Deoptimization events (10 events):
Event: 0.753 Thread 0x0000000005220800 Uncommon trap: reason=class_check action=maybe_recompile pc=0x000000000556ce28 method=java.util.Arrays.copyOf([Ljava/lang/Object;ILjava/lang/Class;)[Ljava/lang/Object; @ 24
Event: 4.308 Thread 0x000000001dcbe000 Uncommon trap: reason=unstable_if action=reinterpret pc=0x00000000056730a4 method=com.sun.media.sound.SoftMainMixer.processAudioBuffers()V @ 1423
Event: 4.308 Thread 0x000000001dcbe000 Uncommon trap: reason=unstable_if action=reinterpret pc=0x000000000566f0e8 method=com.sun.media.sound.SoftReverb.processAudio()V @ 9
Event: 4.321 Thread 0x000000001dcbe000 Uncommon trap: reason=unstable_if action=reinterpret pc=0x0000000005668ca4 method=com.sun.media.sound.SoftReverb.processAudio()V @ 851
Event: 8.904 Thread 0x000000001e132000 Uncommon trap: reason=unstable_if action=reinterpret pc=0x00000000056b2cec method=com.sun.media.sound.RealTimeSequencer$DataPump.pump()Z @ 375
Event: 15.390 Thread 0x000000001dcbe000 Uncommon trap: reason=unstable_if action=reinterpret pc=0x00000000056b776c method=com.sun.media.sound.SoftReverb.processAudio()V @ 21
Event: 15.390 Thread 0x000000001dcbe000 Uncommon trap: reason=unstable_if action=reinterpret pc=0x00000000056baf30 method=com.sun.media.sound.SoftMainMixer.processAudioBuffers()V @ 1922
Event: 15.390 Thread 0x000000001dcbe000 Uncommon trap: reason=unstable_if action=reinterpret pc=0x0000000005661c68 method=com.sun.media.sound.SoftLimiter.processAudio()V @ 7
Event: 15.404 Thread 0x000000001dcbe000 Uncommon trap: reason=unstable_if action=reinterpret pc=0x00000000056663f8 method=com.sun.media.sound.SoftMainMixer.processAudioBuffers()V @ 1423
Event: 856.921 Thread 0x000000001dcbe000 Uncommon trap: reason=unstable_if action=reinterpret pc=0x00000000056f0f84 method=com.sun.media.sound.SoftJitterCorrector$JitterStream$1.run()V @ 525

Internal exceptions (8 events):
Event: 0.054 Thread 0x0000000005220800 Exception <a 'java/lang/NoSuchMethodError': Method sun.misc.Unsafe.defineClass(Ljava/lang/String;[BII)Ljava/lang/Class; name or signature does not match> (0x00000000d5c07ca8) thrown at [C:\re\workspace\8-2-build-windows-amd64-cygwin\jdk8u131\8869\hotspot\
Event: 0.054 Thread 0x0000000005220800 Exception <a 'java/lang/NoSuchMethodError': Method sun.misc.Unsafe.prefetchRead(Ljava/lang/Object;J)V name or signature does not match> (0x00000000d5c07f90) thrown at [C:\re\workspace\8-2-build-windows-amd64-cygwin\jdk8u131\8869\hotspot\src\share\vm\prims
Event: 0.165 Thread 0x0000000005220800 Exception <a 'java/security/PrivilegedActionException'> (0x00000000d5c95170) thrown at [C:\re\workspace\8-2-build-windows-amd64-cygwin\jdk8u131\8869\hotspot\src\share\vm\prims\jvm.cpp, line 1390]
Event: 0.165 Thread 0x0000000005220800 Exception <a 'java/security/PrivilegedActionException'> (0x00000000d5c95568) thrown at [C:\re\workspace\8-2-build-windows-amd64-cygwin\jdk8u131\8869\hotspot\src\share\vm\prims\jvm.cpp, line 1390]
Event: 0.166 Thread 0x0000000005220800 Exception <a 'java/security/PrivilegedActionException'> (0x00000000d5c99660) thrown at [C:\re\workspace\8-2-build-windows-amd64-cygwin\jdk8u131\8869\hotspot\src\share\vm\prims\jvm.cpp, line 1390]
Event: 0.166 Thread 0x0000000005220800 Exception <a 'java/security/PrivilegedActionException'> (0x00000000d5c99a58) thrown at [C:\re\workspace\8-2-build-windows-amd64-cygwin\jdk8u131\8869\hotspot\src\share\vm\prims\jvm.cpp, line 1390]
Event: 0.248 Thread 0x0000000005220800 Exception <a 'java/lang/NoSuchFieldError': method resolution failed> (0x00000000d5ed7860) thrown at [C:\re\workspace\8-2-build-windows-amd64-cygwin\jdk8u131\8869\hotspot\src\share\vm\prims\methodHandles.cpp, line 1146]
Event: 0.250 Thread 0x0000000005220800 Exception <a 'java/lang/NoSuchFieldError': method resolution failed> (0x00000000d5ee5000) thrown at [C:\re\workspace\8-2-build-windows-amd64-cygwin\jdk8u131\8869\hotspot\src\share\vm\prims\methodHandles.cpp, line 1146]

Events (10 events):
Event: 15.404 Thread 0x000000001dcbe000 DEOPT UNPACKING pc=0x000000000536582a sp=0x000000001f5fee90 mode 2
Event: 373.315 Thread 0x000000001dcbe000 DEOPT PACKING pc=0x00000000056e82c0 sp=0x000000001f5ff1a0
Event: 373.315 Thread 0x000000001dcbe000 DEOPT UNPACKING pc=0x000000000536787f sp=0x000000001f5fef48 mode 0
Event: 401.179 Thread 0x000000001dcbe000 DEOPT PACKING pc=0x00000000056e5585 sp=0x000000001f5ff1e0
Event: 401.179 Thread 0x000000001dcbe000 DEOPT UNPACKING pc=0x000000000536787f sp=0x000000001f5fef48 mode 0
Event: 746.077 Thread 0x000000001cd56000 DEOPT PACKING pc=0x00000000056e2765 sp=0x000000001f6ff290
Event: 746.077 Thread 0x000000001cd56000 DEOPT UNPACKING pc=0x000000000536787f sp=0x000000001f6ff010 mode 0
Event: 856.921 Thread 0x000000001dcbe000 Uncommon trap: trap_request=0xffffff65 fr.pc=0x00000000056f0f84
Event: 856.921 Thread 0x000000001dcbe000 DEOPT PACKING pc=0x00000000056f0f84 sp=0x000000001f5ff240
Event: 856.921 Thread 0x000000001dcbe000 DEOPT UNPACKING pc=0x000000000536582a sp=0x000000001f5ff1d0 mode 2


Dynamic libraries:
0x00007ff7f37c0000 - 0x00007ff7f37f7000 	C:\Program Files\Java\jdk1.8.0_131\bin\javaw.exe
0x00007ffbed500000 - 0x00007ffbed6e0000 	C:\WINDOWS\SYSTEM32\ntdll.dll
0x00007ffbec860000 - 0x00007ffbec90e000 	C:\WINDOWS\System32\KERNEL32.DLL
0x00007ffbe9c10000 - 0x00007ffbe9e76000 	C:\WINDOWS\System32\KERNELBASE.dll
0x00007ffbecce0000 - 0x00007ffbecd81000 	C:\WINDOWS\System32\ADVAPI32.dll
0x00007ffbecfc0000 - 0x00007ffbed05d000 	C:\WINDOWS\System32\msvcrt.dll
0x00007ffbed370000 - 0x00007ffbed3cb000 	C:\WINDOWS\System32\sechost.dll
0x00007ffbeac90000 - 0x00007ffbeadaf000 	C:\WINDOWS\System32\RPCRT4.dll
0x00007ffbec910000 - 0x00007ffbeca9f000 	C:\WINDOWS\System32\USER32.dll
0x00007ffbe99a0000 - 0x00007ffbe99c0000 	C:\WINDOWS\System32\win32u.dll
0x00007ffbecf50000 - 0x00007ffbecf78000 	C:\WINDOWS\System32\GDI32.dll
0x00007ffbea6d0000 - 0x00007ffbea863000 	C:\WINDOWS\System32\gdi32full.dll
0x00007ffbe9900000 - 0x00007ffbe999b000 	C:\WINDOWS\System32\msvcp_win.dll
0x00007ffbe9e80000 - 0x00007ffbe9f76000 	C:\WINDOWS\System32\ucrtbase.dll
0x00007ffbdf7f0000 - 0x00007ffbdfa59000 	C:\WINDOWS\WinSxS\amd64_microsoft.windows.common-controls_6595b64144ccf1df_6.0.16299.248_none_15ced204935f55d7\COMCTL32.dll
0x00007ffbed060000 - 0x00007ffbed368000 	C:\WINDOWS\System32\combase.dll
0x00007ffbe99c0000 - 0x00007ffbe9a32000 	C:\WINDOWS\System32\bcryptPrimitives.dll
0x00007ffbecf80000 - 0x00007ffbecfad000 	C:\WINDOWS\System32\IMM32.DLL
0x0000000065af0000 - 0x0000000065bc2000 	C:\Program Files\Java\jdk1.8.0_131\jre\bin\msvcr100.dll
0x0000000065d70000 - 0x000000006660c000 	C:\Program Files\Java\jdk1.8.0_131\jre\bin\server\jvm.dll
0x00007ffbecfb0000 - 0x00007ffbecfb8000 	C:\WINDOWS\System32\PSAPI.DLL
0x00007ffbe5a60000 - 0x00007ffbe5a69000 	C:\WINDOWS\SYSTEM32\WSOCK32.dll
0x00007ffbecc10000 - 0x00007ffbecc7c000 	C:\WINDOWS\System32\WS2_32.dll
0x00007ffbe61c0000 - 0x00007ffbe61e3000 	C:\WINDOWS\SYSTEM32\WINMM.dll
0x00007ffbe3080000 - 0x00007ffbe308a000 	C:\WINDOWS\SYSTEM32\VERSION.dll
0x00007ffbe60d0000 - 0x00007ffbe60fa000 	C:\WINDOWS\SYSTEM32\WINMMBASE.dll
0x00007ffbea980000 - 0x00007ffbea9ca000 	C:\WINDOWS\System32\cfgmgr32.dll
0x0000000066640000 - 0x000000006664f000 	C:\Program Files\Java\jdk1.8.0_131\jre\bin\verify.dll
0x0000000065c60000 - 0x0000000065c89000 	C:\Program Files\Java\jdk1.8.0_131\jre\bin\java.dll
0x0000000065c40000 - 0x0000000065c56000 	C:\Program Files\Java\jdk1.8.0_131\jre\bin\zip.dll
0x00007ffbeafd0000 - 0x00007ffbec406000 	C:\WINDOWS\System32\SHELL32.dll
0x00007ffbea9d0000 - 0x00007ffbeaa76000 	C:\WINDOWS\System32\shcore.dll
0x00007ffbe9f80000 - 0x00007ffbea6c7000 	C:\WINDOWS\System32\windows.storage.dll
0x00007ffbecc80000 - 0x00007ffbeccd1000 	C:\WINDOWS\System32\shlwapi.dll
0x00007ffbe98c0000 - 0x00007ffbe98d1000 	C:\WINDOWS\System32\kernel.appcore.dll
0x00007ffbe9870000 - 0x00007ffbe98bc000 	C:\WINDOWS\System32\powrprof.dll
0x00007ffbe9850000 - 0x00007ffbe986b000 	C:\WINDOWS\System32\profapi.dll
0x0000000065c20000 - 0x0000000065c3a000 	C:\Program Files\Java\jdk1.8.0_131\jre\bin\net.dll
0x00007ffbe90e0000 - 0x00007ffbe9146000 	C:\WINDOWS\system32\mswsock.dll
0x0000000065c00000 - 0x0000000065c11000 	C:\Program Files\Java\jdk1.8.0_131\jre\bin\nio.dll
0x0000000066630000 - 0x000000006663c000 	C:\Program Files\Java\jdk1.8.0_131\jre\bin\jsound.dll
0x0000000065ae0000 - 0x0000000065aeb000 	C:\Program Files\Java\jdk1.8.0_131\jre\bin\jsoundds.dll
0x00007ffbeae80000 - 0x00007ffbeafc9000 	C:\WINDOWS\System32\ole32.dll
0x00007ffbae3c0000 - 0x00007ffbae44f000 	C:\WINDOWS\SYSTEM32\DSOUND.dll
0x00007ffbe6fa0000 - 0x00007ffbe7035000 	C:\WINDOWS\system32\uxtheme.dll
0x00007ffbe2cf0000 - 0x00007ffbe2d5f000 	C:\WINDOWS\SYSTEM32\MMDevAPI.DLL
0x00007ffbe5b60000 - 0x00007ffbe5d11000 	C:\WINDOWS\SYSTEM32\PROPSYS.dll
0x00007ffbe9660000 - 0x00007ffbe9687000 	C:\WINDOWS\SYSTEM32\DEVOBJ.dll
0x00007ffbeadb0000 - 0x00007ffbeae75000 	C:\WINDOWS\System32\OLEAUT32.dll
0x00007ffba5ed0000 - 0x00007ffba5f12000 	C:\WINDOWS\SYSTEM32\wdmaud.drv
0x00007ffbe4000000 - 0x00007ffbe4009000 	C:\WINDOWS\SYSTEM32\ksuser.dll
0x00007ffbe8610000 - 0x00007ffbe861a000 	C:\WINDOWS\SYSTEM32\AVRT.dll
0x00007ffbc9c20000 - 0x00007ffbc9d42000 	C:\WINDOWS\SYSTEM32\AUDIOSES.DLL
0x00007ffbe5490000 - 0x00007ffbe55c6000 	C:\WINDOWS\SYSTEM32\wintypes.dll
0x00007ffba5ec0000 - 0x00007ffba5ecc000 	C:\WINDOWS\SYSTEM32\msacm32.drv
0x00007ffba5ea0000 - 0x00007ffba5ebc000 	C:\WINDOWS\SYSTEM32\MSACM32.dll
0x00007ffba5e90000 - 0x00007ffba5e9a000 	C:\WINDOWS\SYSTEM32\midimap.dll
0x00007ffbed3d0000 - 0x00007ffbed46e000 	C:\WINDOWS\System32\clbcatq.dll
0x00007ffbd9c10000 - 0x00007ffbd9d17000 	C:\Windows\System32\Windows.UI.dll
0x00007ffbd9b70000 - 0x00007ffbd9c08000 	C:\Windows\System32\TextInputFramework.dll
0x00007ffbe3180000 - 0x00007ffbe346e000 	C:\Windows\System32\CoreUIComponents.dll
0x00007ffbe6340000 - 0x00007ffbe641c000 	C:\Windows\System32\CoreMessaging.dll
0x00007ffbe8aa0000 - 0x00007ffbe8ad1000 	C:\WINDOWS\SYSTEM32\ntmarta.dll

VM Arguments:
jvm_args: -Dfile.encoding=Cp1252 
java_command: MidiStart
java_class_path (initial): C:\Users\zalex\workspace\midiProject\bin
Launcher Type: SUN_STANDARD

Environment Variables:
PATH=C:/Program Files/Java/jdk1.8.0_131/jre/bin/server;C:/Program Files/Java/jdk1.8.0_131/jre/bin;C:/Program Files/Java/jdk1.8.0_131/jre/lib/amd64;C:\ProgramData\Oracle\Java\javapath;C:\Windows\system32;C:\Windows;C:\Windows\System32\Wbem;C:\Windows\System32\WindowsPowerShell\v1.0\;C:\Program Files\Common Files\Autodesk Shared\;C:\Program Files (x86)\NVIDIA Corporation\PhysX\Common;C:\WINDOWS\system32;C:\WINDOWS;C:\WINDOWS\System32\Wbem;C:\WINDOWS\System32\WindowsPowerShell\v1.0\;C:\Users\zalex\AppData\Local\Microsoft\WindowsApps;C:\Program Files\Heroku\bin;;C:\WINDOWS\system32;
USERNAME=zalex
OS=Windows_NT
PROCESSOR_IDENTIFIER=Intel64 Family 6 Model 60 Stepping 3, GenuineIntel



---------------  S Y S T E M  ---------------

OS: Windows 10.0 , 64 bit Build 16299 (10.0.16299.15)

CPU:total 4 (initial active 4) (2 cores per cpu, 2 threads per core) family 6 model 60 stepping 3, cmov, cx8, fxsr, mmx, sse, sse2, sse3, ssse3, sse4.1, sse4.2, popcnt, avx, avx2, aes, clmul, erms, lzcnt, ht, tsc, tscinvbit, bmi1, bmi2

Memory: 4k page, physical 8303552k(1374840k free), swap 22953916k(1064k free)

vm_info: Java HotSpot(TM) 64-Bit Server VM (25.131-b11) for windows-amd64 JRE (1.8.0_131-b11), built on Mar 15 2017 01:23:53 by "java_re" with MS VC++ 10.0 (VS2010)

time: Sat Mar 10 13:48:36 2018
elapsed time: 1020 seconds (0d 0h 17m 0s)

