#
# There is insufficient memory for the Java Runtime Environment to continue.
# Native memory allocation (malloc) failed to allocate 32744 bytes for ChunkPool::allocate
# Possible reasons:
#   The system is out of physical RAM or swap space
#   In 32 bit mode, the process size limit was hit
# Possible solutions:
#   Reduce memory load on the system
#   Increase physical memory or swap space
#   Check if swap backing store is full
#   Use 64 bit Java on a 64 bit OS
#   Decrease Java heap size (-Xmx/-Xms)
#   Decrease number of Java threads
#   Decrease Java thread stack sizes (-Xss)
#   Set larger code cache with -XX:ReservedCodeCacheSize=
# This output file may be truncated or incomplete.
#
#  Out of Memory Error (allocation.cpp:273), pid=17788, tid=0x0000000000001610
#
# JRE version: Java(TM) SE Runtime Environment (8.0_131-b11) (build 1.8.0_131-b11)
# Java VM: Java HotSpot(TM) 64-Bit Server VM (25.131-b11 mixed mode windows-amd64 compressed oops)
# Failed to write core dump. Minidumps are not enabled by default on client versions of Windows
#

---------------  T H R E A D  ---------------

Current thread (0x0000000019e12000):  JavaThread "C2 CompilerThread1" daemon [_thread_in_native, id=5648, stack(0x000000001b650000,0x000000001b750000)]

Stack: [0x000000001b650000,0x000000001b750000]
[error occurred during error reporting (printing stack bounds), id 0xc0000005]

Native frames: (J=compiled Java code, j=interpreted, Vv=VM code, C=native code)


Current CompileTask:
C2: 925057  809 % !   4       com.sun.media.sound.SoftJitterCorrector$JitterStream$1::run @ 421 (553 bytes)


---------------  P R O C E S S  ---------------

Java Threads: ( => current thread )
  0x00000000051a0800 JavaThread "DestroyJavaVM" [_thread_blocked, id=17536, stack(0x00000000050a0000,0x00000000051a0000)]
  0x000000001c95c800 JavaThread "Java Sound Sequencer" [_thread_blocked, id=18788, stack(0x000000001e3b0000,0x000000001e4b0000)]
  0x000000001cf29000 JavaThread "Thread-2" daemon [_thread_blocked, id=18784, stack(0x000000001e2b0000,0x000000001e3b0000)]
  0x000000001cc9f800 JavaThread "Thread-1" daemon [_thread_blocked, id=18644, stack(0x000000001e1b0000,0x000000001e2b0000)]
  0x000000001bc35000 JavaThread "Java Sound Event Dispatcher" daemon [_thread_blocked, id=15860, stack(0x000000001ddb0000,0x000000001deb0000)]
  0x0000000019e6d000 JavaThread "Service Thread" daemon [_thread_blocked, id=16620, stack(0x000000001bc50000,0x000000001bd50000)]
  0x0000000019e23800 JavaThread "C1 CompilerThread2" daemon [_thread_blocked, id=18596, stack(0x000000001b750000,0x000000001b850000)]
=>0x0000000019e12000 JavaThread "C2 CompilerThread1" daemon [_thread_in_native, id=5648, stack(0x000000001b650000,0x000000001b750000)]
  0x0000000019e0c800 JavaThread "C2 CompilerThread0" daemon [_thread_blocked, id=18568, stack(0x000000001b550000,0x000000001b650000)]
  0x0000000019e0b800 JavaThread "Attach Listener" daemon [_thread_blocked, id=18572, stack(0x000000001b450000,0x000000001b550000)]
  0x0000000019e0a000 JavaThread "Signal Dispatcher" daemon [_thread_blocked, id=18208, stack(0x000000001b350000,0x000000001b450000)]
  0x000000000529d000 JavaThread "Finalizer" daemon [_thread_blocked, id=18580, stack(0x000000001b060000,0x000000001b160000)]
  0x0000000005292000 JavaThread "Reference Handler" daemon [_thread_blocked, id=9392, stack(0x000000001af60000,0x000000001b060000)]

Other Threads:
  0x0000000019dd7000 VMThread [stack: 0x000000001ae60000,0x000000001af60000] [id=14400]
  0x0000000019e33000 WatcherThread [stack: 0x000000001bd50000,0x000000001be50000] [id=16332]

VM state:not at safepoint (normal execution)

VM Mutex/Monitor currently owned by a thread: None

Heap:
 PSYoungGen      total 71680K, used 24383K [0x00000000d5c00000, 0x00000000da700000, 0x0000000100000000)
  eden space 66560K, 28% used [0x00000000d5c00000,0x00000000d6ed78c0,0x00000000d9d00000)
  from space 5120K, 99% used [0x00000000da200000,0x00000000da6f8678,0x00000000da700000)
  to   space 5120K, 0% used [0x00000000d9d00000,0x00000000d9d00000,0x00000000da200000)
 ParOldGen       total 87552K, used 5870K [0x0000000081400000, 0x0000000086980000, 0x00000000d5c00000)
  object space 87552K, 6% used [0x0000000081400000,0x00000000819bb968,0x0000000086980000)
 Metaspace       used 6266K, capacity 6376K, committed 6400K, reserved 1056768K
  class space    used 713K, capacity 759K, committed 768K, reserved 1048576K

Card table byte_map: [0x0000000014660000,0x0000000014a60000] byte_map_base: 0x0000000014256000

Marking Bits: (ParMarkBitMap*) 0x000000006658c720
 Begin Bits: [0x0000000015110000, 0x00000000170c0000)
 End Bits:   [0x00000000170c0000, 0x0000000019070000)

Polling page: 0x00000000033e0000

CodeCache: size=245760Kb used=3702Kb max_used=3703Kb free=242057Kb
 bounds [0x00000000052a0000, 0x0000000005650000, 0x00000000142a0000]
 total_blobs=1123 nmethods=806 adapters=230
 compilation: enabled

Compilation events (10 events):
Event: 376.893 Thread 0x0000000019e0c800 nmethod 804% 0x000000000563e350 code [0x000000000563e500, 0x000000000563f3e8]
Event: 411.737 Thread 0x0000000019e23800  805 % !   3       com.sun.media.sound.SoftAudioPusher::run @ 15 (62 bytes)
Event: 411.737 Thread 0x0000000019e23800 nmethod 805% 0x000000000562e350 code [0x000000000562e500, 0x000000000562eb38]
Event: 418.713 Thread 0x0000000019e23800  806   !   3       com.sun.media.sound.SoftAudioPusher::run (62 bytes)
Event: 418.714 Thread 0x0000000019e23800 nmethod 806 0x000000000562d990 code [0x000000000562db20, 0x000000000562e098]
Event: 690.395 Thread 0x0000000019e0c800  807 % !   4       com.sun.media.sound.SoftAudioPusher::run @ 15 (62 bytes)
Event: 690.398 Thread 0x0000000019e0c800 nmethod 807% 0x000000000563a0d0 code [0x000000000563a240, 0x000000000563a6c8]
Event: 764.593 Thread 0x0000000019e23800  808 % !   3       com.sun.media.sound.SoftJitterCorrector$JitterStream$1::run @ 421 (553 bytes)
Event: 764.595 Thread 0x0000000019e23800 nmethod 808% 0x0000000005641e10 code [0x00000000056420e0, 0x00000000056439d8]
Event: 924.812 Thread 0x0000000019e12000  809 % !   4       com.sun.media.sound.SoftJitterCorrector$JitterStream$1::run @ 421 (553 bytes)

GC Heap History (4 events):
Event: 0.538 GC heap before
{Heap before GC invocations=1 (full 0):
 PSYoungGen      total 38400K, used 33280K [0x00000000d5c00000, 0x00000000d8680000, 0x0000000100000000)
  eden space 33280K, 100% used [0x00000000d5c00000,0x00000000d7c80000,0x00000000d7c80000)
  from space 5120K, 0% used [0x00000000d8180000,0x00000000d8180000,0x00000000d8680000)
  to   space 5120K, 0% used [0x00000000d7c80000,0x00000000d7c80000,0x00000000d8180000)
 ParOldGen       total 87552K, used 0K [0x0000000081400000, 0x0000000086980000, 0x00000000d5c00000)
  object space 87552K, 0% used [0x0000000081400000,0x0000000081400000,0x0000000086980000)
 Metaspace       used 5686K, capacity 5800K, committed 5888K, reserved 1056768K
  class space    used 646K, capacity 695K, committed 768K, reserved 1048576K
Event: 0.550 GC heap after
Heap after GC invocations=1 (full 0):
 PSYoungGen      total 38400K, used 5105K [0x00000000d5c00000, 0x00000000da700000, 0x0000000100000000)
  eden space 33280K, 0% used [0x00000000d5c00000,0x00000000d5c00000,0x00000000d7c80000)
  from space 5120K, 99% used [0x00000000d7c80000,0x00000000d817c7d0,0x00000000d8180000)
  to   space 5120K, 0% used [0x00000000da200000,0x00000000da200000,0x00000000da700000)
 ParOldGen       total 87552K, used 2243K [0x0000000081400000, 0x0000000086980000, 0x00000000d5c00000)
  object space 87552K, 2% used [0x0000000081400000,0x0000000081630e40,0x0000000086980000)
 Metaspace       used 5686K, capacity 5800K, committed 5888K, reserved 1056768K
  class space    used 646K, capacity 695K, committed 768K, reserved 1048576K
}
Event: 0.658 GC heap before
{Heap before GC invocations=2 (full 0):
 PSYoungGen      total 38400K, used 38385K [0x00000000d5c00000, 0x00000000da700000, 0x0000000100000000)
  eden space 33280K, 100% used [0x00000000d5c00000,0x00000000d7c80000,0x00000000d7c80000)
  from space 5120K, 99% used [0x00000000d7c80000,0x00000000d817c7d0,0x00000000d8180000)
  to   space 5120K, 0% used [0x00000000da200000,0x00000000da200000,0x00000000da700000)
 ParOldGen       total 87552K, used 2243K [0x0000000081400000, 0x0000000086980000, 0x00000000d5c00000)
  object space 87552K, 2% used [0x0000000081400000,0x0000000081630e40,0x0000000086980000)
 Metaspace       used 5687K, capacity 5800K, committed 5888K, reserved 1056768K
  class space    used 646K, capacity 695K, committed 768K, reserved 1048576K
Event: 0.670 GC heap after
Heap after GC invocations=2 (full 0):
 PSYoungGen      total 71680K, used 5089K [0x00000000d5c00000, 0x00000000da700000, 0x0000000100000000)
  eden space 66560K, 0% used [0x00000000d5c00000,0x00000000d5c00000,0x00000000d9d00000)
  from space 5120K, 99% used [0x00000000da200000,0x00000000da6f8678,0x00000000da700000)
  to   space 5120K, 0% used [0x00000000d9d00000,0x00000000d9d00000,0x00000000da200000)
 ParOldGen       total 87552K, used 5870K [0x0000000081400000, 0x0000000086980000, 0x00000000d5c00000)
  object space 87552K, 6% used [0x0000000081400000,0x00000000819bb968,0x0000000086980000)
 Metaspace       used 5687K, capacity 5800K, committed 5888K, reserved 1056768K
  class space    used 646K, capacity 695K, committed 768K, reserved 1048576K
}

Deoptimization events (10 events):
Event: 0.580 Thread 0x00000000051a0800 Uncommon trap: reason=unstable_if action=reinterpret pc=0x00000000054de4a8 method=com.sun.media.sound.DLSInstrument.convertToModelDest(I)Lcom/sun/media/sound/ModelIdentifier; @ 26
Event: 4.294 Thread 0x000000001cc9f800 Uncommon trap: reason=unstable_if action=reinterpret pc=0x00000000055d8224 method=com.sun.media.sound.SoftMainMixer.processAudioBuffers()V @ 1423
Event: 4.294 Thread 0x000000001cc9f800 Uncommon trap: reason=unstable_if action=reinterpret pc=0x00000000055d4268 method=com.sun.media.sound.SoftReverb.processAudio()V @ 9
Event: 4.294 Thread 0x000000001cc9f800 Uncommon trap: reason=unstable_if action=reinterpret pc=0x00000000055c445c method=com.sun.media.sound.SoftReverb.processAudio()V @ 851
Event: 8.944 Thread 0x000000001c95c800 Uncommon trap: reason=unstable_if action=reinterpret pc=0x0000000005623944 method=com.sun.media.sound.RealTimeSequencer$DataPump.pump()Z @ 375
Event: 8.945 Thread 0x000000001c95c800 Uncommon trap: reason=unstable_if action=reinterpret pc=0x0000000005544e10 method=com.sun.media.sound.SoftChannel.setPolyPressure(II)V @ 94
Event: 15.174 Thread 0x000000001cc9f800 Uncommon trap: reason=unstable_if action=reinterpret pc=0x0000000005617070 method=com.sun.media.sound.SoftReverb.processAudio()V @ 866
Event: 15.179 Thread 0x000000001cc9f800 Uncommon trap: reason=unstable_if action=reinterpret pc=0x000000000561e170 method=com.sun.media.sound.SoftMainMixer.processAudioBuffers()V @ 1922
Event: 15.179 Thread 0x000000001cc9f800 Uncommon trap: reason=unstable_if action=reinterpret pc=0x00000000055ca428 method=com.sun.media.sound.SoftLimiter.processAudio()V @ 7
Event: 761.119 Thread 0x000000001cc9f800 Uncommon trap: reason=unstable_if action=reinterpret pc=0x000000000563ce44 method=com.sun.media.sound.SoftJitterCorrector$JitterStream$1.run()V @ 525

Internal exceptions (8 events):
Event: 0.048 Thread 0x00000000051a0800 Exception <a 'java/lang/NoSuchMethodError': Method sun.misc.Unsafe.defineClass(Ljava/lang/String;[BII)Ljava/lang/Class; name or signature does not match> (0x00000000d5c07ca8) thrown at [C:\re\workspace\8-2-build-windows-amd64-cygwin\jdk8u131\8869\hotspot\
Event: 0.048 Thread 0x00000000051a0800 Exception <a 'java/lang/NoSuchMethodError': Method sun.misc.Unsafe.prefetchRead(Ljava/lang/Object;J)V name or signature does not match> (0x00000000d5c07f90) thrown at [C:\re\workspace\8-2-build-windows-amd64-cygwin\jdk8u131\8869\hotspot\src\share\vm\prims
Event: 0.146 Thread 0x00000000051a0800 Exception <a 'java/security/PrivilegedActionException'> (0x00000000d5c95130) thrown at [C:\re\workspace\8-2-build-windows-amd64-cygwin\jdk8u131\8869\hotspot\src\share\vm\prims\jvm.cpp, line 1390]
Event: 0.146 Thread 0x00000000051a0800 Exception <a 'java/security/PrivilegedActionException'> (0x00000000d5c95528) thrown at [C:\re\workspace\8-2-build-windows-amd64-cygwin\jdk8u131\8869\hotspot\src\share\vm\prims\jvm.cpp, line 1390]
Event: 0.147 Thread 0x00000000051a0800 Exception <a 'java/security/PrivilegedActionException'> (0x00000000d5c99620) thrown at [C:\re\workspace\8-2-build-windows-amd64-cygwin\jdk8u131\8869\hotspot\src\share\vm\prims\jvm.cpp, line 1390]
Event: 0.147 Thread 0x00000000051a0800 Exception <a 'java/security/PrivilegedActionException'> (0x00000000d5c99a18) thrown at [C:\re\workspace\8-2-build-windows-amd64-cygwin\jdk8u131\8869\hotspot\src\share\vm\prims\jvm.cpp, line 1390]
Event: 0.217 Thread 0x00000000051a0800 Exception <a 'java/lang/NoSuchFieldError': method resolution failed> (0x00000000d5ed7860) thrown at [C:\re\workspace\8-2-build-windows-amd64-cygwin\jdk8u131\8869\hotspot\src\share\vm\prims\methodHandles.cpp, line 1146]
Event: 0.219 Thread 0x00000000051a0800 Exception <a 'java/lang/NoSuchFieldError': method resolution failed> (0x00000000d5ee5000) thrown at [C:\re\workspace\8-2-build-windows-amd64-cygwin\jdk8u131\8869\hotspot\src\share\vm\prims\methodHandles.cpp, line 1146]

Events (10 events):
Event: 15.179 Thread 0x000000001cc9f800 DEOPT UNPACKING pc=0x00000000052e582a sp=0x000000001e2aeb98 mode 2
Event: 373.396 Thread 0x000000001cc9f800 DEOPT PACKING pc=0x0000000005635680 sp=0x000000001e2aef90
Event: 373.396 Thread 0x000000001cc9f800 DEOPT UNPACKING pc=0x00000000052e787f sp=0x000000001e2aed38 mode 0
Event: 401.262 Thread 0x000000001cc9f800 DEOPT PACKING pc=0x0000000005632945 sp=0x000000001e2aefd0
Event: 401.262 Thread 0x000000001cc9f800 DEOPT UNPACKING pc=0x00000000052e787f sp=0x000000001e2aed38 mode 0
Event: 746.124 Thread 0x000000001cf29000 DEOPT PACKING pc=0x000000000562e9e5 sp=0x000000001e3af240
Event: 746.124 Thread 0x000000001cf29000 DEOPT UNPACKING pc=0x00000000052e787f sp=0x000000001e3aefc0 mode 0
Event: 761.119 Thread 0x000000001cc9f800 Uncommon trap: trap_request=0xffffff65 fr.pc=0x000000000563ce44
Event: 761.119 Thread 0x000000001cc9f800 DEOPT PACKING pc=0x000000000563ce44 sp=0x000000001e2af030
Event: 761.119 Thread 0x000000001cc9f800 DEOPT UNPACKING pc=0x00000000052e582a sp=0x000000001e2aefc0 mode 2


Dynamic libraries:
0x00007ff7f37c0000 - 0x00007ff7f37f7000 	C:\Program Files\Java\jdk1.8.0_131\bin\javaw.exe
0x00007ffbed500000 - 0x00007ffbed6e0000 	C:\WINDOWS\SYSTEM32\ntdll.dll
0x00007ffbec860000 - 0x00007ffbec90e000 	C:\WINDOWS\System32\KERNEL32.DLL
0x00007ffbe9c10000 - 0x00007ffbe9e76000 	C:\WINDOWS\System32\KERNELBASE.dll
0x00007ffbecce0000 - 0x00007ffbecd81000 	C:\WINDOWS\System32\ADVAPI32.dll
0x00007ffbecfc0000 - 0x00007ffbed05d000 	C:\WINDOWS\System32\msvcrt.dll
0x00007ffbed370000 - 0x00007ffbed3cb000 	C:\WINDOWS\System32\sechost.dll
0x00007ffbeac90000 - 0x00007ffbeadaf000 	C:\WINDOWS\System32\RPCRT4.dll
0x00007ffbec910000 - 0x00007ffbeca9f000 	C:\WINDOWS\System32\USER32.dll
0x00007ffbe99a0000 - 0x00007ffbe99c0000 	C:\WINDOWS\System32\win32u.dll
0x00007ffbecf50000 - 0x00007ffbecf78000 	C:\WINDOWS\System32\GDI32.dll
0x00007ffbea6d0000 - 0x00007ffbea863000 	C:\WINDOWS\System32\gdi32full.dll
0x00007ffbe9900000 - 0x00007ffbe999b000 	C:\WINDOWS\System32\msvcp_win.dll
0x00007ffbe9e80000 - 0x00007ffbe9f76000 	C:\WINDOWS\System32\ucrtbase.dll
0x00007ffbdf7f0000 - 0x00007ffbdfa59000 	C:\WINDOWS\WinSxS\amd64_microsoft.windows.common-controls_6595b64144ccf1df_6.0.16299.248_none_15ced204935f55d7\COMCTL32.dll
0x00007ffbed060000 - 0x00007ffbed368000 	C:\WINDOWS\System32\combase.dll
0x00007ffbe99c0000 - 0x00007ffbe9a32000 	C:\WINDOWS\System32\bcryptPrimitives.dll
0x00007ffbecf80000 - 0x00007ffbecfad000 	C:\WINDOWS\System32\IMM32.DLL
0x0000000065af0000 - 0x0000000065bc2000 	C:\Program Files\Java\jdk1.8.0_131\jre\bin\msvcr100.dll
0x0000000065d70000 - 0x000000006660c000 	C:\Program Files\Java\jdk1.8.0_131\jre\bin\server\jvm.dll
0x00007ffbecfb0000 - 0x00007ffbecfb8000 	C:\WINDOWS\System32\PSAPI.DLL
0x00007ffbe5a60000 - 0x00007ffbe5a69000 	C:\WINDOWS\SYSTEM32\WSOCK32.dll
0x00007ffbecc10000 - 0x00007ffbecc7c000 	C:\WINDOWS\System32\WS2_32.dll
0x00007ffbe3080000 - 0x00007ffbe308a000 	C:\WINDOWS\SYSTEM32\VERSION.dll
0x00007ffbe61c0000 - 0x00007ffbe61e3000 	C:\WINDOWS\SYSTEM32\WINMM.dll
0x00007ffbe60d0000 - 0x00007ffbe60fa000 	C:\WINDOWS\SYSTEM32\winmmbase.dll
0x00007ffbea980000 - 0x00007ffbea9ca000 	C:\WINDOWS\System32\cfgmgr32.dll
0x0000000066640000 - 0x000000006664f000 	C:\Program Files\Java\jdk1.8.0_131\jre\bin\verify.dll
0x0000000065c60000 - 0x0000000065c89000 	C:\Program Files\Java\jdk1.8.0_131\jre\bin\java.dll
0x0000000065c40000 - 0x0000000065c56000 	C:\Program Files\Java\jdk1.8.0_131\jre\bin\zip.dll
0x00007ffbeafd0000 - 0x00007ffbec406000 	C:\WINDOWS\System32\SHELL32.dll
0x00007ffbea9d0000 - 0x00007ffbeaa76000 	C:\WINDOWS\System32\shcore.dll
0x00007ffbe9f80000 - 0x00007ffbea6c7000 	C:\WINDOWS\System32\windows.storage.dll
0x00007ffbecc80000 - 0x00007ffbeccd1000 	C:\WINDOWS\System32\shlwapi.dll
0x00007ffbe98c0000 - 0x00007ffbe98d1000 	C:\WINDOWS\System32\kernel.appcore.dll
0x00007ffbe9870000 - 0x00007ffbe98bc000 	C:\WINDOWS\System32\powrprof.dll
0x00007ffbe9850000 - 0x00007ffbe986b000 	C:\WINDOWS\System32\profapi.dll
0x0000000065c20000 - 0x0000000065c3a000 	C:\Program Files\Java\jdk1.8.0_131\jre\bin\net.dll
0x00007ffbe90e0000 - 0x00007ffbe9146000 	C:\WINDOWS\system32\mswsock.dll
0x0000000065c00000 - 0x0000000065c11000 	C:\Program Files\Java\jdk1.8.0_131\jre\bin\nio.dll
0x0000000066630000 - 0x000000006663c000 	C:\Program Files\Java\jdk1.8.0_131\jre\bin\jsound.dll
0x0000000065ae0000 - 0x0000000065aeb000 	C:\Program Files\Java\jdk1.8.0_131\jre\bin\jsoundds.dll
0x00007ffbeae80000 - 0x00007ffbeafc9000 	C:\WINDOWS\System32\ole32.dll
0x00007ffbae3c0000 - 0x00007ffbae44f000 	C:\WINDOWS\SYSTEM32\DSOUND.dll
0x00007ffbe6fa0000 - 0x00007ffbe7035000 	C:\WINDOWS\system32\uxtheme.dll
0x00007ffbe2cf0000 - 0x00007ffbe2d5f000 	C:\WINDOWS\SYSTEM32\MMDevAPI.DLL
0x00007ffbe9660000 - 0x00007ffbe9687000 	C:\WINDOWS\SYSTEM32\DEVOBJ.dll
0x00007ffbe5b60000 - 0x00007ffbe5d11000 	C:\WINDOWS\SYSTEM32\PROPSYS.dll
0x00007ffbeadb0000 - 0x00007ffbeae75000 	C:\WINDOWS\System32\OLEAUT32.dll
0x00007ffba5ed0000 - 0x00007ffba5f12000 	C:\WINDOWS\SYSTEM32\wdmaud.drv
0x00007ffbe4000000 - 0x00007ffbe4009000 	C:\WINDOWS\SYSTEM32\ksuser.dll
0x00007ffbe8610000 - 0x00007ffbe861a000 	C:\WINDOWS\SYSTEM32\AVRT.dll
0x00007ffbc9c20000 - 0x00007ffbc9d42000 	C:\WINDOWS\SYSTEM32\AUDIOSES.DLL
0x00007ffbe5490000 - 0x00007ffbe55c6000 	C:\WINDOWS\SYSTEM32\wintypes.dll
0x00007ffba5ec0000 - 0x00007ffba5ecc000 	C:\WINDOWS\SYSTEM32\msacm32.drv
0x00007ffba5ea0000 - 0x00007ffba5ebc000 	C:\WINDOWS\SYSTEM32\MSACM32.dll
0x00007ffba5e90000 - 0x00007ffba5e9a000 	C:\WINDOWS\SYSTEM32\midimap.dll
0x00007ffbed3d0000 - 0x00007ffbed46e000 	C:\WINDOWS\System32\clbcatq.dll
0x00007ffbd9c10000 - 0x00007ffbd9d17000 	C:\Windows\System32\Windows.UI.dll
0x00007ffbd9b70000 - 0x00007ffbd9c08000 	C:\Windows\System32\TextInputFramework.dll
0x00007ffbe3180000 - 0x00007ffbe346e000 	C:\Windows\System32\CoreUIComponents.dll
0x00007ffbe6340000 - 0x00007ffbe641c000 	C:\Windows\System32\CoreMessaging.dll
0x00007ffbe8aa0000 - 0x00007ffbe8ad1000 	C:\WINDOWS\SYSTEM32\ntmarta.dll

VM Arguments:
jvm_args: -Dfile.encoding=Cp1252 
java_command: MidiStart
java_class_path (initial): C:\Users\zalex\workspace\midiProject\bin
Launcher Type: SUN_STANDARD

Environment Variables:
PATH=C:/Program Files/Java/jdk1.8.0_131/jre/bin/server;C:/Program Files/Java/jdk1.8.0_131/jre/bin;C:/Program Files/Java/jdk1.8.0_131/jre/lib/amd64;C:\ProgramData\Oracle\Java\javapath;C:\Windows\system32;C:\Windows;C:\Windows\System32\Wbem;C:\Windows\System32\WindowsPowerShell\v1.0\;C:\Program Files\Common Files\Autodesk Shared\;C:\Program Files (x86)\NVIDIA Corporation\PhysX\Common;C:\WINDOWS\system32;C:\WINDOWS;C:\WINDOWS\System32\Wbem;C:\WINDOWS\System32\WindowsPowerShell\v1.0\;C:\Users\zalex\AppData\Local\Microsoft\WindowsApps;C:\Program Files\Heroku\bin;;C:\WINDOWS\system32;
USERNAME=zalex
OS=Windows_NT
PROCESSOR_IDENTIFIER=Intel64 Family 6 Model 60 Stepping 3, GenuineIntel



---------------  S Y S T E M  ---------------

OS: Windows 10.0 , 64 bit Build 16299 (10.0.16299.15)

CPU:total 4 (initial active 4) (2 cores per cpu, 2 threads per core) family 6 model 60 stepping 3, cmov, cx8, fxsr, mmx, sse, sse2, sse3, ssse3, sse4.1, sse4.2, popcnt, avx, avx2, aes, clmul, erms, lzcnt, ht, tsc, tscinvbit, bmi1, bmi2

Memory: 4k page, physical 8303552k(1374008k free), swap 22953916k(40k free)

vm_info: Java HotSpot(TM) 64-Bit Server VM (25.131-b11) for windows-amd64 JRE (1.8.0_131-b11), built on Mar 15 2017 01:23:53 by "java_re" with MS VC++ 10.0 (VS2010)

time: Sat Mar 10 13:48:36 2018
elapsed time: 924 seconds (0d 0h 15m 24s)

